

Started GET "/" for 127.0.0.1 at 2013-04-24 12:54:17 -0500
Processing by MainController#dashboard as HTML
  [1m[36mUser Load (0.1ms)[0m  [1mSELECT "users".* FROM "users" WHERE "users"."id" = 33 LIMIT 1[0m
  [1m[35mQuality Load (29.9ms)[0m  SELECT "qualities".* FROM "qualities" WHERE (last_disposition_state = 'fail') ORDER BY strftime('%Y',date) DESC, julian_date DESC, lot DESC, time DESC LIMIT 10
  [1m[36mUser Load (0.2ms)[0m  [1mSELECT "users".* FROM "users" WHERE "users"."id" = 30 LIMIT 1[0m
  [1m[35mUser Load (0.1ms)[0m  SELECT "users".* FROM "users" WHERE "users"."id" = 34 LIMIT 1
  [1m[36mCACHE (0.0ms)[0m  [1mSELECT "users".* FROM "users" WHERE "users"."id" = 30 LIMIT 1[0m
  [1m[35mCACHE (0.0ms)[0m  SELECT "users".* FROM "users" WHERE "users"."id" = 34 LIMIT 1
  [1m[36mCACHE (0.0ms)[0m  [1mSELECT "users".* FROM "users" WHERE "users"."id" = 34 LIMIT 1[0m
  [1m[35mUser Load (0.1ms)[0m  SELECT "users".* FROM "users" WHERE "users"."id" = 10 LIMIT 1
  [1m[36mCACHE (0.0ms)[0m  [1mSELECT "users".* FROM "users" WHERE "users"."id" = 10 LIMIT 1[0m
  [1m[35mUser Load (0.2ms)[0m  SELECT "users".* FROM "users" WHERE "users"."id" = 11 LIMIT 1
  [1m[36mUser Load (0.1ms)[0m  [1mSELECT "users".* FROM "users" WHERE "users"."id" = 8 LIMIT 1[0m
  [1m[35mCACHE (0.0ms)[0m  SELECT "users".* FROM "users" WHERE "users"."id" = 10 LIMIT 1
  [1m[36mQuality Load (34.1ms)[0m  [1mSELECT "qualities".* FROM "qualities" WHERE (last_disposition_state = 'pass') ORDER BY strftime('%Y',date) DESC, julian_date DESC, lot DESC, time DESC LIMIT 10[0m
  [1m[35mUser Load (0.4ms)[0m  SELECT "users".* FROM "users" WHERE "users"."id" = 6 LIMIT 1
  [1m[36mCACHE (0.0ms)[0m  [1mSELECT "users".* FROM "users" WHERE "users"."id" = 11 LIMIT 1[0m
  [1m[35mCACHE (0.0ms)[0m  SELECT "users".* FROM "users" WHERE "users"."id" = 8 LIMIT 1
  [1m[36mCACHE (0.0ms)[0m  [1mSELECT "users".* FROM "users" WHERE "users"."id" = 10 LIMIT 1[0m
  [1m[35mUser Load (0.3ms)[0m  SELECT "users".* FROM "users" WHERE "users"."id" = 15 LIMIT 1
  [1m[36mCACHE (0.0ms)[0m  [1mSELECT "users".* FROM "users" WHERE "users"."id" = 6 LIMIT 1[0m
  [1m[35mCACHE (0.0ms)[0m  SELECT "users".* FROM "users" WHERE "users"."id" = 11 LIMIT 1
  [1m[36mCACHE (0.0ms)[0m  [1mSELECT "users".* FROM "users" WHERE "users"."id" = 11 LIMIT 1[0m
  [1m[35mCACHE (0.0ms)[0m  SELECT "users".* FROM "users" WHERE "users"."id" = 8 LIMIT 1
  [1m[36mCACHE (0.0ms)[0m  [1mSELECT "users".* FROM "users" WHERE "users"."id" = 10 LIMIT 1[0m
  Rendered main/dashboard.html.erb within layouts/application (223.5ms)
Completed 200 OK in 476ms (Views: 293.2ms | ActiveRecord: 68.7ms)


Started GET "/" for 127.0.0.1 at 2013-04-24 13:12:07 -0500
Processing by MainController#dashboard as HTML
  [1m[36mUser Load (0.1ms)[0m  [1mSELECT "users".* FROM "users" WHERE "users"."id" = 33 LIMIT 1[0m
  [1m[35mQuality Load (10.6ms)[0m  SELECT "qualities".* FROM "qualities" WHERE (last_disposition_state = 'fail') ORDER BY strftime('%Y',date) DESC, julian_date DESC, lot DESC, time DESC LIMIT 10
  [1m[36mUser Load (0.2ms)[0m  [1mSELECT "users".* FROM "users" WHERE "users"."id" = 30 LIMIT 1[0m
  [1m[35mUser Load (0.1ms)[0m  SELECT "users".* FROM "users" WHERE "users"."id" = 34 LIMIT 1
  [1m[36mCACHE (0.0ms)[0m  [1mSELECT "users".* FROM "users" WHERE "users"."id" = 30 LIMIT 1[0m
  [1m[35mCACHE (0.0ms)[0m  SELECT "users".* FROM "users" WHERE "users"."id" = 34 LIMIT 1
  [1m[36mCACHE (0.0ms)[0m  [1mSELECT "users".* FROM "users" WHERE "users"."id" = 34 LIMIT 1[0m
  [1m[35mUser Load (0.2ms)[0m  SELECT "users".* FROM "users" WHERE "users"."id" = 10 LIMIT 1
  [1m[36mCACHE (0.0ms)[0m  [1mSELECT "users".* FROM "users" WHERE "users"."id" = 10 LIMIT 1[0m
  [1m[35mUser Load (0.6ms)[0m  SELECT "users".* FROM "users" WHERE "users"."id" = 11 LIMIT 1
  [1m[36mUser Load (0.1ms)[0m  [1mSELECT "users".* FROM "users" WHERE "users"."id" = 8 LIMIT 1[0m
  [1m[35mCACHE (0.0ms)[0m  SELECT "users".* FROM "users" WHERE "users"."id" = 10 LIMIT 1
  [1m[36mQuality Load (26.5ms)[0m  [1mSELECT "qualities".* FROM "qualities" WHERE (last_disposition_state = 'pass') ORDER BY strftime('%Y',date) DESC, julian_date DESC, lot DESC, time DESC LIMIT 10[0m
  [1m[35mUser Load (0.2ms)[0m  SELECT "users".* FROM "users" WHERE "users"."id" = 6 LIMIT 1
  [1m[36mCACHE (0.0ms)[0m  [1mSELECT "users".* FROM "users" WHERE "users"."id" = 11 LIMIT 1[0m
  [1m[35mCACHE (0.0ms)[0m  SELECT "users".* FROM "users" WHERE "users"."id" = 8 LIMIT 1
  [1m[36mCACHE (0.0ms)[0m  [1mSELECT "users".* FROM "users" WHERE "users"."id" = 10 LIMIT 1[0m
  [1m[35mUser Load (0.2ms)[0m  SELECT "users".* FROM "users" WHERE "users"."id" = 15 LIMIT 1
  [1m[36mCACHE (0.0ms)[0m  [1mSELECT "users".* FROM "users" WHERE "users"."id" = 6 LIMIT 1[0m
  [1m[35mCACHE (0.0ms)[0m  SELECT "users".* FROM "users" WHERE "users"."id" = 11 LIMIT 1
  [1m[36mCACHE (0.0ms)[0m  [1mSELECT "users".* FROM "users" WHERE "users"."id" = 11 LIMIT 1[0m
  [1m[35mCACHE (0.0ms)[0m  SELECT "users".* FROM "users" WHERE "users"."id" = 8 LIMIT 1
  [1m[36mCACHE (0.0ms)[0m  [1mSELECT "users".* FROM "users" WHERE "users"."id" = 10 LIMIT 1[0m
  Rendered main/dashboard.html.erb within layouts/application (181.9ms)
Completed 200 OK in 372ms (Views: 225.3ms | ActiveRecord: 40.7ms)


Started GET "/" for 127.0.0.1 at 2013-04-24 13:12:08 -0500
Processing by MainController#dashboard as HTML
  [1m[35mUser Load (0.4ms)[0m  SELECT "users".* FROM "users" WHERE "users"."id" = 33 LIMIT 1
  [1m[36mQuality Load (14.4ms)[0m  [1mSELECT "qualities".* FROM "qualities" WHERE (last_disposition_state = 'fail') ORDER BY strftime('%Y',date) DESC, julian_date DESC, lot DESC, time DESC LIMIT 10[0m
  [1m[35mUser Load (0.2ms)[0m  SELECT "users".* FROM "users" WHERE "users"."id" = 30 LIMIT 1
  [1m[36mUser Load (0.2ms)[0m  [1mSELECT "users".* FROM "users" WHERE "users"."id" = 34 LIMIT 1[0m
  [1m[35mCACHE (0.0ms)[0m  SELECT "users".* FROM "users" WHERE "users"."id" = 30 LIMIT 1
  [1m[36mCACHE (0.0ms)[0m  [1mSELECT "users".* FROM "users" WHERE "users"."id" = 34 LIMIT 1[0m
  [1m[35mCACHE (0.0ms)[0m  SELECT "users".* FROM "users" WHERE "users"."id" = 34 LIMIT 1
  [1m[36mUser Load (0.1ms)[0m  [1mSELECT "users".* FROM "users" WHERE "users"."id" = 10 LIMIT 1[0m
  [1m[35mCACHE (0.0ms)[0m  SELECT "users".* FROM "users" WHERE "users"."id" = 10 LIMIT 1
  [1m[36mUser Load (0.1ms)[0m  [1mSELECT "users".* FROM "users" WHERE "users"."id" = 11 LIMIT 1[0m
  [1m[35mUser Load (0.3ms)[0m  SELECT "users".* FROM "users" WHERE "users"."id" = 8 LIMIT 1
  [1m[36mCACHE (0.0ms)[0m  [1mSELECT "users".* FROM "users" WHERE "users"."id" = 10 LIMIT 1[0m
  [1m[35mQuality Load (26.5ms)[0m  SELECT "qualities".* FROM "qualities" WHERE (last_disposition_state = 'pass') ORDER BY strftime('%Y',date) DESC, julian_date DESC, lot DESC, time DESC LIMIT 10
  [1m[36mUser Load (0.2ms)[0m  [1mSELECT "users".* FROM "users" WHERE "users"."id" = 6 LIMIT 1[0m
  [1m[35mCACHE (0.0ms)[0m  SELECT "users".* FROM "users" WHERE "users"."id" = 11 LIMIT 1
  [1m[36mCACHE (0.0ms)[0m  [1mSELECT "users".* FROM "users" WHERE "users"."id" = 8 LIMIT 1[0m
  [1m[35mCACHE (0.0ms)[0m  SELECT "users".* FROM "users" WHERE "users"."id" = 10 LIMIT 1
  [1m[36mUser Load (0.1ms)[0m  [1mSELECT "users".* FROM "users" WHERE "users"."id" = 15 LIMIT 1[0m
  [1m[35mCACHE (0.0ms)[0m  SELECT "users".* FROM "users" WHERE "users"."id" = 6 LIMIT 1
  [1m[36mCACHE (0.0ms)[0m  [1mSELECT "users".* FROM "users" WHERE "users"."id" = 11 LIMIT 1[0m
  [1m[35mCACHE (0.0ms)[0m  SELECT "users".* FROM "users" WHERE "users"."id" = 11 LIMIT 1
  [1m[36mCACHE (0.0ms)[0m  [1mSELECT "users".* FROM "users" WHERE "users"."id" = 8 LIMIT 1[0m
  [1m[35mCACHE (0.0ms)[0m  SELECT "users".* FROM "users" WHERE "users"."id" = 10 LIMIT 1
  Rendered main/dashboard.html.erb within layouts/application (94.7ms)
Completed 200 OK in 163ms (Views: 110.7ms | ActiveRecord: 42.6ms)


Started GET "/" for 127.0.0.1 at 2013-04-24 13:18:13 -0500
Processing by MainController#dashboard as HTML
  [1m[36mUser Load (0.2ms)[0m  [1mSELECT "users".* FROM "users" WHERE "users"."id" = 33 LIMIT 1[0m
  [1m[35mQuality Load (6.3ms)[0m  SELECT "qualities".* FROM "qualities" WHERE (last_disposition_state = 'fail') ORDER BY strftime('%Y',date) DESC, julian_date DESC, lot DESC, time DESC LIMIT 10
  [1m[36mUser Load (0.2ms)[0m  [1mSELECT "users".* FROM "users" WHERE "users"."id" = 30 LIMIT 1[0m
  [1m[35mUser Load (0.2ms)[0m  SELECT "users".* FROM "users" WHERE "users"."id" = 34 LIMIT 1
  [1m[36mCACHE (0.0ms)[0m  [1mSELECT "users".* FROM "users" WHERE "users"."id" = 30 LIMIT 1[0m
  [1m[35mCACHE (0.0ms)[0m  SELECT "users".* FROM "users" WHERE "users"."id" = 34 LIMIT 1
  [1m[36mCACHE (0.0ms)[0m  [1mSELECT "users".* FROM "users" WHERE "users"."id" = 34 LIMIT 1[0m
  [1m[35mUser Load (0.2ms)[0m  SELECT "users".* FROM "users" WHERE "users"."id" = 10 LIMIT 1
  [1m[36mCACHE (0.0ms)[0m  [1mSELECT "users".* FROM "users" WHERE "users"."id" = 10 LIMIT 1[0m
  [1m[35mUser Load (0.1ms)[0m  SELECT "users".* FROM "users" WHERE "users"."id" = 11 LIMIT 1
  [1m[36mUser Load (0.1ms)[0m  [1mSELECT "users".* FROM "users" WHERE "users"."id" = 8 LIMIT 1[0m
  [1m[35mCACHE (0.0ms)[0m  SELECT "users".* FROM "users" WHERE "users"."id" = 10 LIMIT 1
  [1m[36mQuality Load (27.5ms)[0m  [1mSELECT "qualities".* FROM "qualities" WHERE (last_disposition_state = 'pass') ORDER BY strftime('%Y',date) DESC, julian_date DESC, lot DESC, time DESC LIMIT 10[0m
  [1m[35mUser Load (0.3ms)[0m  SELECT "users".* FROM "users" WHERE "users"."id" = 6 LIMIT 1
  [1m[36mCACHE (0.0ms)[0m  [1mSELECT "users".* FROM "users" WHERE "users"."id" = 11 LIMIT 1[0m
  [1m[35mCACHE (0.0ms)[0m  SELECT "users".* FROM "users" WHERE "users"."id" = 8 LIMIT 1
  [1m[36mCACHE (0.0ms)[0m  [1mSELECT "users".* FROM "users" WHERE "users"."id" = 10 LIMIT 1[0m
  [1m[35mUser Load (0.2ms)[0m  SELECT "users".* FROM "users" WHERE "users"."id" = 15 LIMIT 1
  [1m[36mCACHE (0.0ms)[0m  [1mSELECT "users".* FROM "users" WHERE "users"."id" = 6 LIMIT 1[0m
  [1m[35mCACHE (0.0ms)[0m  SELECT "users".* FROM "users" WHERE "users"."id" = 11 LIMIT 1
  [1m[36mCACHE (0.0ms)[0m  [1mSELECT "users".* FROM "users" WHERE "users"."id" = 11 LIMIT 1[0m
  [1m[35mCACHE (0.0ms)[0m  SELECT "users".* FROM "users" WHERE "users"."id" = 8 LIMIT 1
  [1m[36mCACHE (0.0ms)[0m  [1mSELECT "users".* FROM "users" WHERE "users"."id" = 10 LIMIT 1[0m
  Rendered main/dashboard.html.erb within layouts/application (181.9ms)
Completed 200 OK in 321ms (Views: 169.0ms | ActiveRecord: 36.9ms)


Started GET "/" for 127.0.0.1 at 2013-04-24 13:18:15 -0500
Processing by MainController#dashboard as HTML
  [1m[35mUser Load (0.2ms)[0m  SELECT "users".* FROM "users" WHERE "users"."id" = 33 LIMIT 1
  [1m[36mQuality Load (4.7ms)[0m  [1mSELECT "qualities".* FROM "qualities" WHERE (last_disposition_state = 'fail') ORDER BY strftime('%Y',date) DESC, julian_date DESC, lot DESC, time DESC LIMIT 10[0m
  [1m[35mUser Load (0.2ms)[0m  SELECT "users".* FROM "users" WHERE "users"."id" = 30 LIMIT 1
  [1m[36mUser Load (0.2ms)[0m  [1mSELECT "users".* FROM "users" WHERE "users"."id" = 34 LIMIT 1[0m
  [1m[35mCACHE (0.0ms)[0m  SELECT "users".* FROM "users" WHERE "users"."id" = 30 LIMIT 1
  [1m[36mCACHE (0.0ms)[0m  [1mSELECT "users".* FROM "users" WHERE "users"."id" = 34 LIMIT 1[0m
  [1m[35mCACHE (0.0ms)[0m  SELECT "users".* FROM "users" WHERE "users"."id" = 34 LIMIT 1
  [1m[36mUser Load (0.2ms)[0m  [1mSELECT "users".* FROM "users" WHERE "users"."id" = 10 LIMIT 1[0m
  [1m[35mCACHE (0.0ms)[0m  SELECT "users".* FROM "users" WHERE "users"."id" = 10 LIMIT 1
  [1m[36mUser Load (0.2ms)[0m  [1mSELECT "users".* FROM "users" WHERE "users"."id" = 11 LIMIT 1[0m
  [1m[35mUser Load (0.2ms)[0m  SELECT "users".* FROM "users" WHERE "users"."id" = 8 LIMIT 1
  [1m[36mCACHE (0.0ms)[0m  [1mSELECT "users".* FROM "users" WHERE "users"."id" = 10 LIMIT 1[0m
  [1m[35mQuality Load (26.7ms)[0m  SELECT "qualities".* FROM "qualities" WHERE (last_disposition_state = 'pass') ORDER BY strftime('%Y',date) DESC, julian_date DESC, lot DESC, time DESC LIMIT 10
  [1m[36mUser Load (0.2ms)[0m  [1mSELECT "users".* FROM "users" WHERE "users"."id" = 6 LIMIT 1[0m
  [1m[35mCACHE (0.0ms)[0m  SELECT "users".* FROM "users" WHERE "users"."id" = 11 LIMIT 1
  [1m[36mCACHE (0.0ms)[0m  [1mSELECT "users".* FROM "users" WHERE "users"."id" = 8 LIMIT 1[0m
  [1m[35mCACHE (0.0ms)[0m  SELECT "users".* FROM "users" WHERE "users"."id" = 10 LIMIT 1
  [1m[36mUser Load (0.2ms)[0m  [1mSELECT "users".* FROM "users" WHERE "users"."id" = 15 LIMIT 1[0m
  [1m[35mCACHE (0.0ms)[0m  SELECT "users".* FROM "users" WHERE "users"."id" = 6 LIMIT 1
  [1m[36mCACHE (0.0ms)[0m  [1mSELECT "users".* FROM "users" WHERE "users"."id" = 11 LIMIT 1[0m
  [1m[35mCACHE (0.0ms)[0m  SELECT "users".* FROM "users" WHERE "users"."id" = 11 LIMIT 1
  [1m[36mCACHE (0.0ms)[0m  [1mSELECT "users".* FROM "users" WHERE "users"."id" = 8 LIMIT 1[0m
  [1m[35mCACHE (0.0ms)[0m  SELECT "users".* FROM "users" WHERE "users"."id" = 10 LIMIT 1
  Rendered main/dashboard.html.erb within layouts/application (143.2ms)
Completed 200 OK in 155ms (Views: 115.3ms | ActiveRecord: 32.9ms)


Started GET "/" for 127.0.0.1 at 2013-04-24 13:18:16 -0500
Processing by MainController#dashboard as HTML
  [1m[36mUser Load (7.3ms)[0m  [1mSELECT "users".* FROM "users" WHERE "users"."id" = 33 LIMIT 1[0m
  [1m[35mQuality Load (5.0ms)[0m  SELECT "qualities".* FROM "qualities" WHERE (last_disposition_state = 'fail') ORDER BY strftime('%Y',date) DESC, julian_date DESC, lot DESC, time DESC LIMIT 10
  [1m[36mUser Load (0.2ms)[0m  [1mSELECT "users".* FROM "users" WHERE "users"."id" = 30 LIMIT 1[0m
  [1m[35mUser Load (0.2ms)[0m  SELECT "users".* FROM "users" WHERE "users"."id" = 34 LIMIT 1
  [1m[36mCACHE (0.0ms)[0m  [1mSELECT "users".* FROM "users" WHERE "users"."id" = 30 LIMIT 1[0m
  [1m[35mCACHE (0.0ms)[0m  SELECT "users".* FROM "users" WHERE "users"."id" = 34 LIMIT 1
  [1m[36mCACHE (0.0ms)[0m  [1mSELECT "users".* FROM "users" WHERE "users"."id" = 34 LIMIT 1[0m
  [1m[35mUser Load (0.2ms)[0m  SELECT "users".* FROM "users" WHERE "users"."id" = 10 LIMIT 1
  [1m[36mCACHE (0.0ms)[0m  [1mSELECT "users".* FROM "users" WHERE "users"."id" = 10 LIMIT 1[0m
  [1m[35mUser Load (0.2ms)[0m  SELECT "users".* FROM "users" WHERE "users"."id" = 11 LIMIT 1
  [1m[36mUser Load (0.1ms)[0m  [1mSELECT "users".* FROM "users" WHERE "users"."id" = 8 LIMIT 1[0m
  [1m[35mCACHE (0.0ms)[0m  SELECT "users".* FROM "users" WHERE "users"."id" = 10 LIMIT 1
  [1m[36mQuality Load (31.7ms)[0m  [1mSELECT "qualities".* FROM "qualities" WHERE (last_disposition_state = 'pass') ORDER BY strftime('%Y',date) DESC, julian_date DESC, lot DESC, time DESC LIMIT 10[0m
  [1m[35mUser Load (0.3ms)[0m  SELECT "users".* FROM "users" WHERE "users"."id" = 6 LIMIT 1
  [1m[36mCACHE (0.0ms)[0m  [1mSELECT "users".* FROM "users" WHERE "users"."id" = 11 LIMIT 1[0m
  [1m[35mCACHE (0.0ms)[0m  SELECT "users".* FROM "users" WHERE "users"."id" = 8 LIMIT 1
  [1m[36mCACHE (0.0ms)[0m  [1mSELECT "users".* FROM "users" WHERE "users"."id" = 10 LIMIT 1[0m
  [1m[35mUser Load (0.2ms)[0m  SELECT "users".* FROM "users" WHERE "users"."id" = 15 LIMIT 1
  [1m[36mCACHE (0.0ms)[0m  [1mSELECT "users".* FROM "users" WHERE "users"."id" = 6 LIMIT 1[0m
  [1m[35mCACHE (0.0ms)[0m  SELECT "users".* FROM "users" WHERE "users"."id" = 11 LIMIT 1
  [1m[36mCACHE (0.0ms)[0m  [1mSELECT "users".* FROM "users" WHERE "users"."id" = 11 LIMIT 1[0m
  [1m[35mCACHE (0.0ms)[0m  SELECT "users".* FROM "users" WHERE "users"."id" = 8 LIMIT 1
  [1m[36mCACHE (0.0ms)[0m  [1mSELECT "users".* FROM "users" WHERE "users"."id" = 10 LIMIT 1[0m
  Rendered main/dashboard.html.erb within layouts/application (149.5ms)
Completed 200 OK in 165ms (Views: 115.5ms | ActiveRecord: 45.4ms)


Started GET "/" for 127.0.0.1 at 2013-04-24 13:18:17 -0500
Processing by MainController#dashboard as HTML
  [1m[35mUser Load (0.2ms)[0m  SELECT "users".* FROM "users" WHERE "users"."id" = 33 LIMIT 1
  [1m[36mQuality Load (13.7ms)[0m  [1mSELECT "qualities".* FROM "qualities" WHERE (last_disposition_state = 'fail') ORDER BY strftime('%Y',date) DESC, julian_date DESC, lot DESC, time DESC LIMIT 10[0m
  [1m[35mUser Load (0.4ms)[0m  SELECT "users".* FROM "users" WHERE "users"."id" = 30 LIMIT 1
  [1m[36mUser Load (0.2ms)[0m  [1mSELECT "users".* FROM "users" WHERE "users"."id" = 34 LIMIT 1[0m
  [1m[35mCACHE (0.0ms)[0m  SELECT "users".* FROM "users" WHERE "users"."id" = 30 LIMIT 1
  [1m[36mCACHE (0.0ms)[0m  [1mSELECT "users".* FROM "users" WHERE "users"."id" = 34 LIMIT 1[0m
  [1m[35mCACHE (0.0ms)[0m  SELECT "users".* FROM "users" WHERE "users"."id" = 34 LIMIT 1
  [1m[36mUser Load (0.2ms)[0m  [1mSELECT "users".* FROM "users" WHERE "users"."id" = 10 LIMIT 1[0m
  [1m[35mCACHE (0.0ms)[0m  SELECT "users".* FROM "users" WHERE "users"."id" = 10 LIMIT 1
  [1m[36mUser Load (0.1ms)[0m  [1mSELECT "users".* FROM "users" WHERE "users"."id" = 11 LIMIT 1[0m
  [1m[35mUser Load (0.1ms)[0m  SELECT "users".* FROM "users" WHERE "users"."id" = 8 LIMIT 1
  [1m[36mCACHE (0.0ms)[0m  [1mSELECT "users".* FROM "users" WHERE "users"."id" = 10 LIMIT 1[0m
  [1m[35mQuality Load (28.5ms)[0m  SELECT "qualities".* FROM "qualities" WHERE (last_disposition_state = 'pass') ORDER BY strftime('%Y',date) DESC, julian_date DESC, lot DESC, time DESC LIMIT 10
  [1m[36mUser Load (0.4ms)[0m  [1mSELECT "users".* FROM "users" WHERE "users"."id" = 6 LIMIT 1[0m
  [1m[35mCACHE (0.0ms)[0m  SELECT "users".* FROM "users" WHERE "users"."id" = 11 LIMIT 1
  [1m[36mCACHE (0.0ms)[0m  [1mSELECT "users".* FROM "users" WHERE "users"."id" = 8 LIMIT 1[0m
  [1m[35mCACHE (0.0ms)[0m  SELECT "users".* FROM "users" WHERE "users"."id" = 10 LIMIT 1
  [1m[36mUser Load (0.2ms)[0m  [1mSELECT "users".* FROM "users" WHERE "users"."id" = 15 LIMIT 1[0m
  [1m[35mCACHE (0.0ms)[0m  SELECT "users".* FROM "users" WHERE "users"."id" = 6 LIMIT 1
  [1m[36mCACHE (0.0ms)[0m  [1mSELECT "users".* FROM "users" WHERE "users"."id" = 11 LIMIT 1[0m
  [1m[35mCACHE (0.0ms)[0m  SELECT "users".* FROM "users" WHERE "users"."id" = 11 LIMIT 1
  [1m[36mCACHE (0.0ms)[0m  [1mSELECT "users".* FROM "users" WHERE "users"."id" = 8 LIMIT 1[0m
  [1m[35mCACHE (0.0ms)[0m  SELECT "users".* FROM "users" WHERE "users"."id" = 10 LIMIT 1
  Rendered main/dashboard.html.erb within layouts/application (181.6ms)
Completed 200 OK in 189ms (Views: 141.8ms | ActiveRecord: 44.1ms)


Started GET "/" for 127.0.0.1 at 2013-04-24 13:20:36 -0500
Processing by MainController#dashboard as HTML
  [1m[36mUser Load (0.2ms)[0m  [1mSELECT "users".* FROM "users" WHERE "users"."id" = 33 LIMIT 1[0m
  [1m[35mQuality Load (7.5ms)[0m  SELECT "qualities".* FROM "qualities" WHERE (last_disposition_state = 'fail') ORDER BY strftime('%Y',date) DESC, julian_date DESC, lot DESC, time DESC LIMIT 10
  [1m[36mUser Load (0.2ms)[0m  [1mSELECT "users".* FROM "users" WHERE "users"."id" = 30 LIMIT 1[0m
  [1m[35mUser Load (0.2ms)[0m  SELECT "users".* FROM "users" WHERE "users"."id" = 34 LIMIT 1
  [1m[36mCACHE (0.0ms)[0m  [1mSELECT "users".* FROM "users" WHERE "users"."id" = 30 LIMIT 1[0m
  [1m[35mCACHE (0.0ms)[0m  SELECT "users".* FROM "users" WHERE "users"."id" = 34 LIMIT 1
  [1m[36mCACHE (0.0ms)[0m  [1mSELECT "users".* FROM "users" WHERE "users"."id" = 34 LIMIT 1[0m
  [1m[35mUser Load (0.2ms)[0m  SELECT "users".* FROM "users" WHERE "users"."id" = 10 LIMIT 1
  [1m[36mCACHE (0.0ms)[0m  [1mSELECT "users".* FROM "users" WHERE "users"."id" = 10 LIMIT 1[0m
  [1m[35mUser Load (0.1ms)[0m  SELECT "users".* FROM "users" WHERE "users"."id" = 11 LIMIT 1
  [1m[36mUser Load (0.1ms)[0m  [1mSELECT "users".* FROM "users" WHERE "users"."id" = 8 LIMIT 1[0m
  [1m[35mCACHE (0.0ms)[0m  SELECT "users".* FROM "users" WHERE "users"."id" = 10 LIMIT 1
  [1m[36mQuality Load (28.4ms)[0m  [1mSELECT "qualities".* FROM "qualities" WHERE (last_disposition_state = 'pass') ORDER BY strftime('%Y',date) DESC, julian_date DESC, lot DESC, time DESC LIMIT 10[0m
  [1m[35mUser Load (0.2ms)[0m  SELECT "users".* FROM "users" WHERE "users"."id" = 6 LIMIT 1
  [1m[36mCACHE (0.0ms)[0m  [1mSELECT "users".* FROM "users" WHERE "users"."id" = 11 LIMIT 1[0m
  [1m[35mCACHE (0.0ms)[0m  SELECT "users".* FROM "users" WHERE "users"."id" = 8 LIMIT 1
  [1m[36mCACHE (0.0ms)[0m  [1mSELECT "users".* FROM "users" WHERE "users"."id" = 10 LIMIT 1[0m
  [1m[35mUser Load (0.3ms)[0m  SELECT "users".* FROM "users" WHERE "users"."id" = 15 LIMIT 1
  [1m[36mCACHE (0.0ms)[0m  [1mSELECT "users".* FROM "users" WHERE "users"."id" = 6 LIMIT 1[0m
  [1m[35mCACHE (0.0ms)[0m  SELECT "users".* FROM "users" WHERE "users"."id" = 11 LIMIT 1
  [1m[36mCACHE (0.0ms)[0m  [1mSELECT "users".* FROM "users" WHERE "users"."id" = 11 LIMIT 1[0m
  [1m[35mCACHE (0.0ms)[0m  SELECT "users".* FROM "users" WHERE "users"."id" = 8 LIMIT 1
  [1m[36mCACHE (0.0ms)[0m  [1mSELECT "users".* FROM "users" WHERE "users"."id" = 10 LIMIT 1[0m
  Rendered main/dashboard.html.erb within layouts/application (222.6ms)
Completed 200 OK in 366ms (Views: 202.4ms | ActiveRecord: 40.3ms)


Started GET "/" for 127.0.0.1 at 2013-04-24 13:20:38 -0500
Processing by MainController#dashboard as HTML
  [1m[35mUser Load (0.2ms)[0m  SELECT "users".* FROM "users" WHERE "users"."id" = 33 LIMIT 1
  [1m[36mQuality Load (5.5ms)[0m  [1mSELECT "qualities".* FROM "qualities" WHERE (last_disposition_state = 'fail') ORDER BY strftime('%Y',date) DESC, julian_date DESC, lot DESC, time DESC LIMIT 10[0m
  [1m[35mUser Load (0.2ms)[0m  SELECT "users".* FROM "users" WHERE "users"."id" = 30 LIMIT 1
  [1m[36mUser Load (0.2ms)[0m  [1mSELECT "users".* FROM "users" WHERE "users"."id" = 34 LIMIT 1[0m
  [1m[35mCACHE (0.0ms)[0m  SELECT "users".* FROM "users" WHERE "users"."id" = 30 LIMIT 1
  [1m[36mCACHE (0.0ms)[0m  [1mSELECT "users".* FROM "users" WHERE "users"."id" = 34 LIMIT 1[0m
  [1m[35mCACHE (0.0ms)[0m  SELECT "users".* FROM "users" WHERE "users"."id" = 34 LIMIT 1
  [1m[36mUser Load (0.1ms)[0m  [1mSELECT "users".* FROM "users" WHERE "users"."id" = 10 LIMIT 1[0m
  [1m[35mCACHE (0.0ms)[0m  SELECT "users".* FROM "users" WHERE "users"."id" = 10 LIMIT 1
  [1m[36mUser Load (0.2ms)[0m  [1mSELECT "users".* FROM "users" WHERE "users"."id" = 11 LIMIT 1[0m
  [1m[35mUser Load (0.2ms)[0m  SELECT "users".* FROM "users" WHERE "users"."id" = 8 LIMIT 1
  [1m[36mCACHE (0.0ms)[0m  [1mSELECT "users".* FROM "users" WHERE "users"."id" = 10 LIMIT 1[0m
  [1m[35mQuality Load (26.7ms)[0m  SELECT "qualities".* FROM "qualities" WHERE (last_disposition_state = 'pass') ORDER BY strftime('%Y',date) DESC, julian_date DESC, lot DESC, time DESC LIMIT 10
  [1m[36mUser Load (0.2ms)[0m  [1mSELECT "users".* FROM "users" WHERE "users"."id" = 6 LIMIT 1[0m
  [1m[35mCACHE (0.0ms)[0m  SELECT "users".* FROM "users" WHERE "users"."id" = 11 LIMIT 1
  [1m[36mCACHE (0.0ms)[0m  [1mSELECT "users".* FROM "users" WHERE "users"."id" = 8 LIMIT 1[0m
  [1m[35mCACHE (0.0ms)[0m  SELECT "users".* FROM "users" WHERE "users"."id" = 10 LIMIT 1
  [1m[36mUser Load (0.1ms)[0m  [1mSELECT "users".* FROM "users" WHERE "users"."id" = 15 LIMIT 1[0m
  [1m[35mCACHE (0.0ms)[0m  SELECT "users".* FROM "users" WHERE "users"."id" = 6 LIMIT 1
  [1m[36mCACHE (0.0ms)[0m  [1mSELECT "users".* FROM "users" WHERE "users"."id" = 11 LIMIT 1[0m
  [1m[35mCACHE (0.0ms)[0m  SELECT "users".* FROM "users" WHERE "users"."id" = 11 LIMIT 1
  [1m[36mCACHE (0.0ms)[0m  [1mSELECT "users".* FROM "users" WHERE "users"."id" = 8 LIMIT 1[0m
  [1m[35mCACHE (0.0ms)[0m  SELECT "users".* FROM "users" WHERE "users"."id" = 10 LIMIT 1
  Rendered main/dashboard.html.erb within layouts/application (89.3ms)
Completed 200 OK in 101ms (Views: 59.8ms | ActiveRecord: 33.6ms)


Started GET "/" for 127.0.0.1 at 2013-04-24 13:21:03 -0500
Processing by MainController#dashboard as HTML
  [1m[36mUser Load (0.2ms)[0m  [1mSELECT "users".* FROM "users" WHERE "users"."id" = 33 LIMIT 1[0m
  [1m[35mQuality Load (6.3ms)[0m  SELECT "qualities".* FROM "qualities" WHERE (last_disposition_state = 'fail') ORDER BY strftime('%Y',date) DESC, julian_date DESC, lot DESC, time DESC LIMIT 10
  [1m[36mUser Load (0.5ms)[0m  [1mSELECT "users".* FROM "users" WHERE "users"."id" = 30 LIMIT 1[0m
  [1m[35mUser Load (0.2ms)[0m  SELECT "users".* FROM "users" WHERE "users"."id" = 34 LIMIT 1
  [1m[36mCACHE (0.0ms)[0m  [1mSELECT "users".* FROM "users" WHERE "users"."id" = 30 LIMIT 1[0m
  [1m[35mCACHE (0.0ms)[0m  SELECT "users".* FROM "users" WHERE "users"."id" = 34 LIMIT 1
  [1m[36mCACHE (0.0ms)[0m  [1mSELECT "users".* FROM "users" WHERE "users"."id" = 34 LIMIT 1[0m
  [1m[35mUser Load (0.2ms)[0m  SELECT "users".* FROM "users" WHERE "users"."id" = 10 LIMIT 1
  [1m[36mCACHE (0.0ms)[0m  [1mSELECT "users".* FROM "users" WHERE "users"."id" = 10 LIMIT 1[0m
  [1m[35mUser Load (0.1ms)[0m  SELECT "users".* FROM "users" WHERE "users"."id" = 11 LIMIT 1
  [1m[36mUser Load (0.2ms)[0m  [1mSELECT "users".* FROM "users" WHERE "users"."id" = 8 LIMIT 1[0m
  [1m[35mCACHE (0.0ms)[0m  SELECT "users".* FROM "users" WHERE "users"."id" = 10 LIMIT 1
  [1m[36mQuality Load (28.7ms)[0m  [1mSELECT "qualities".* FROM "qualities" WHERE (last_disposition_state = 'pass') ORDER BY strftime('%Y',date) DESC, julian_date DESC, lot DESC, time DESC LIMIT 10[0m
  [1m[35mUser Load (0.2ms)[0m  SELECT "users".* FROM "users" WHERE "users"."id" = 6 LIMIT 1
  [1m[36mCACHE (0.0ms)[0m  [1mSELECT "users".* FROM "users" WHERE "users"."id" = 11 LIMIT 1[0m
  [1m[35mCACHE (0.0ms)[0m  SELECT "users".* FROM "users" WHERE "users"."id" = 8 LIMIT 1
  [1m[36mCACHE (0.0ms)[0m  [1mSELECT "users".* FROM "users" WHERE "users"."id" = 10 LIMIT 1[0m
  [1m[35mUser Load (0.2ms)[0m  SELECT "users".* FROM "users" WHERE "users"."id" = 15 LIMIT 1
  [1m[36mCACHE (0.0ms)[0m  [1mSELECT "users".* FROM "users" WHERE "users"."id" = 6 LIMIT 1[0m
  [1m[35mCACHE (0.0ms)[0m  SELECT "users".* FROM "users" WHERE "users"."id" = 11 LIMIT 1
  [1m[36mCACHE (0.0ms)[0m  [1mSELECT "users".* FROM "users" WHERE "users"."id" = 11 LIMIT 1[0m
  [1m[35mCACHE (0.0ms)[0m  SELECT "users".* FROM "users" WHERE "users"."id" = 8 LIMIT 1
  [1m[36mCACHE (0.0ms)[0m  [1mSELECT "users".* FROM "users" WHERE "users"."id" = 10 LIMIT 1[0m
  Rendered main/dashboard.html.erb within layouts/application (181.7ms)
Completed 200 OK in 319ms (Views: 157.6ms | ActiveRecord: 40.1ms)


Started GET "/" for 127.0.0.1 at 2013-04-24 13:21:05 -0500
Processing by MainController#dashboard as HTML
  [1m[35mUser Load (0.2ms)[0m  SELECT "users".* FROM "users" WHERE "users"."id" = 33 LIMIT 1
  [1m[36mQuality Load (4.5ms)[0m  [1mSELECT "qualities".* FROM "qualities" WHERE (last_disposition_state = 'fail') ORDER BY strftime('%Y',date) DESC, julian_date DESC, lot DESC, time DESC LIMIT 10[0m
  [1m[35mUser Load (0.2ms)[0m  SELECT "users".* FROM "users" WHERE "users"."id" = 30 LIMIT 1
  [1m[36mUser Load (0.2ms)[0m  [1mSELECT "users".* FROM "users" WHERE "users"."id" = 34 LIMIT 1[0m
  [1m[35mCACHE (0.0ms)[0m  SELECT "users".* FROM "users" WHERE "users"."id" = 30 LIMIT 1
  [1m[36mCACHE (0.0ms)[0m  [1mSELECT "users".* FROM "users" WHERE "users"."id" = 34 LIMIT 1[0m
  [1m[35mCACHE (0.0ms)[0m  SELECT "users".* FROM "users" WHERE "users"."id" = 34 LIMIT 1
  [1m[36mUser Load (0.2ms)[0m  [1mSELECT "users".* FROM "users" WHERE "users"."id" = 10 LIMIT 1[0m
  [1m[35mCACHE (0.0ms)[0m  SELECT "users".* FROM "users" WHERE "users"."id" = 10 LIMIT 1
  [1m[36mUser Load (0.2ms)[0m  [1mSELECT "users".* FROM "users" WHERE "users"."id" = 11 LIMIT 1[0m
  [1m[35mUser Load (0.2ms)[0m  SELECT "users".* FROM "users" WHERE "users"."id" = 8 LIMIT 1
  [1m[36mCACHE (0.0ms)[0m  [1mSELECT "users".* FROM "users" WHERE "users"."id" = 10 LIMIT 1[0m
  [1m[35mQuality Load (29.9ms)[0m  SELECT "qualities".* FROM "qualities" WHERE (last_disposition_state = 'pass') ORDER BY strftime('%Y',date) DESC, julian_date DESC, lot DESC, time DESC LIMIT 10
  [1m[36mUser Load (0.2ms)[0m  [1mSELECT "users".* FROM "users" WHERE "users"."id" = 6 LIMIT 1[0m
  [1m[35mCACHE (0.0ms)[0m  SELECT "users".* FROM "users" WHERE "users"."id" = 11 LIMIT 1
  [1m[36mCACHE (0.0ms)[0m  [1mSELECT "users".* FROM "users" WHERE "users"."id" = 8 LIMIT 1[0m
  [1m[35mCACHE (0.0ms)[0m  SELECT "users".* FROM "users" WHERE "users"."id" = 10 LIMIT 1
  [1m[36mUser Load (0.2ms)[0m  [1mSELECT "users".* FROM "users" WHERE "users"."id" = 15 LIMIT 1[0m
  [1m[35mCACHE (0.0ms)[0m  SELECT "users".* FROM "users" WHERE "users"."id" = 6 LIMIT 1
  [1m[36mCACHE (0.0ms)[0m  [1mSELECT "users".* FROM "users" WHERE "users"."id" = 11 LIMIT 1[0m
  [1m[35mCACHE (0.0ms)[0m  SELECT "users".* FROM "users" WHERE "users"."id" = 11 LIMIT 1
  [1m[36mCACHE (0.0ms)[0m  [1mSELECT "users".* FROM "users" WHERE "users"."id" = 8 LIMIT 1[0m
  [1m[35mCACHE (0.0ms)[0m  SELECT "users".* FROM "users" WHERE "users"."id" = 10 LIMIT 1
  Rendered main/dashboard.html.erb within layouts/application (145.8ms)
Completed 200 OK in 155ms (Views: 116.7ms | ActiveRecord: 35.9ms)


Started GET "/" for 127.0.0.1 at 2013-04-24 13:21:06 -0500
Processing by MainController#dashboard as HTML
  [1m[36mUser Load (0.3ms)[0m  [1mSELECT "users".* FROM "users" WHERE "users"."id" = 33 LIMIT 1[0m
  [1m[35mQuality Load (5.3ms)[0m  SELECT "qualities".* FROM "qualities" WHERE (last_disposition_state = 'fail') ORDER BY strftime('%Y',date) DESC, julian_date DESC, lot DESC, time DESC LIMIT 10
  [1m[36mUser Load (0.2ms)[0m  [1mSELECT "users".* FROM "users" WHERE "users"."id" = 30 LIMIT 1[0m
  [1m[35mUser Load (0.2ms)[0m  SELECT "users".* FROM "users" WHERE "users"."id" = 34 LIMIT 1
  [1m[36mCACHE (0.0ms)[0m  [1mSELECT "users".* FROM "users" WHERE "users"."id" = 30 LIMIT 1[0m
  [1m[35mCACHE (0.0ms)[0m  SELECT "users".* FROM "users" WHERE "users"."id" = 34 LIMIT 1
  [1m[36mCACHE (0.0ms)[0m  [1mSELECT "users".* FROM "users" WHERE "users"."id" = 34 LIMIT 1[0m
  [1m[35mUser Load (0.4ms)[0m  SELECT "users".* FROM "users" WHERE "users"."id" = 10 LIMIT 1
  [1m[36mCACHE (0.0ms)[0m  [1mSELECT "users".* FROM "users" WHERE "users"."id" = 10 LIMIT 1[0m
  [1m[35mUser Load (0.2ms)[0m  SELECT "users".* FROM "users" WHERE "users"."id" = 11 LIMIT 1
  [1m[36mUser Load (0.2ms)[0m  [1mSELECT "users".* FROM "users" WHERE "users"."id" = 8 LIMIT 1[0m
  [1m[35mCACHE (0.0ms)[0m  SELECT "users".* FROM "users" WHERE "users"."id" = 10 LIMIT 1
  [1m[36mQuality Load (26.4ms)[0m  [1mSELECT "qualities".* FROM "qualities" WHERE (last_disposition_state = 'pass') ORDER BY strftime('%Y',date) DESC, julian_date DESC, lot DESC, time DESC LIMIT 10[0m
  [1m[35mUser Load (0.2ms)[0m  SELECT "users".* FROM "users" WHERE "users"."id" = 6 LIMIT 1
  [1m[36mCACHE (0.0ms)[0m  [1mSELECT "users".* FROM "users" WHERE "users"."id" = 11 LIMIT 1[0m
  [1m[35mCACHE (0.0ms)[0m  SELECT "users".* FROM "users" WHERE "users"."id" = 8 LIMIT 1
  [1m[36mCACHE (0.0ms)[0m  [1mSELECT "users".* FROM "users" WHERE "users"."id" = 10 LIMIT 1[0m
  [1m[35mUser Load (0.2ms)[0m  SELECT "users".* FROM "users" WHERE "users"."id" = 15 LIMIT 1
  [1m[36mCACHE (0.0ms)[0m  [1mSELECT "users".* FROM "users" WHERE "users"."id" = 6 LIMIT 1[0m
  [1m[35mCACHE (0.0ms)[0m  SELECT "users".* FROM "users" WHERE "users"."id" = 11 LIMIT 1
  [1m[36mCACHE (0.0ms)[0m  [1mSELECT "users".* FROM "users" WHERE "users"."id" = 11 LIMIT 1[0m
  [1m[35mCACHE (0.0ms)[0m  SELECT "users".* FROM "users" WHERE "users"."id" = 8 LIMIT 1
  [1m[36mCACHE (0.0ms)[0m  [1mSELECT "users".* FROM "users" WHERE "users"."id" = 10 LIMIT 1[0m
  Rendered main/dashboard.html.erb within layouts/application (141.7ms)
Completed 200 OK in 154ms (Views: 113.2ms | ActiveRecord: 33.6ms)


Started GET "/" for 127.0.0.1 at 2013-04-24 14:17:03 -0500
Processing by MainController#dashboard as HTML
  [1m[36mUser Load (0.2ms)[0m  [1mSELECT "users".* FROM "users" WHERE "users"."id" = 33 LIMIT 1[0m
  [1m[35mQuality Load (0.5ms)[0m  SELECT "qualities".* FROM "qualities" WHERE (last_disposition_state = 'fail') LIMIT 10
  [1m[36mUser Load (0.2ms)[0m  [1mSELECT "users".* FROM "users" WHERE "users"."id" = 29 LIMIT 1[0m
  [1m[35mCACHE (0.0ms)[0m  SELECT "users".* FROM "users" WHERE "users"."id" = 29 LIMIT 1
  [1m[36mCACHE (0.0ms)[0m  [1mSELECT "users".* FROM "users" WHERE "users"."id" = 29 LIMIT 1[0m
  [1m[35mCACHE (0.0ms)[0m  SELECT "users".* FROM "users" WHERE "users"."id" = 29 LIMIT 1
  [1m[36mCACHE (0.0ms)[0m  [1mSELECT "users".* FROM "users" WHERE "users"."id" = 29 LIMIT 1[0m
  [1m[35mCACHE (0.0ms)[0m  SELECT "users".* FROM "users" WHERE "users"."id" = 29 LIMIT 1
  [1m[36mCACHE (0.0ms)[0m  [1mSELECT "users".* FROM "users" WHERE "users"."id" = 29 LIMIT 1[0m
  [1m[35mCACHE (0.0ms)[0m  SELECT "users".* FROM "users" WHERE "users"."id" = 29 LIMIT 1
  [1m[36mCACHE (0.0ms)[0m  [1mSELECT "users".* FROM "users" WHERE "users"."id" = 29 LIMIT 1[0m
  [1m[35mCACHE (0.0ms)[0m  SELECT "users".* FROM "users" WHERE "users"."id" = 29 LIMIT 1
  [1m[36mQuality Load (28.5ms)[0m  [1mSELECT "qualities".* FROM "qualities" WHERE (last_disposition_state = 'pass') ORDER BY strftime('%Y',date) DESC, julian_date DESC, lot DESC, time DESC LIMIT 10[0m
  [1m[35mUser Load (0.2ms)[0m  SELECT "users".* FROM "users" WHERE "users"."id" = 6 LIMIT 1
  [1m[36mUser Load (0.2ms)[0m  [1mSELECT "users".* FROM "users" WHERE "users"."id" = 11 LIMIT 1[0m
  [1m[35mUser Load (0.1ms)[0m  SELECT "users".* FROM "users" WHERE "users"."id" = 8 LIMIT 1
  [1m[36mUser Load (0.2ms)[0m  [1mSELECT "users".* FROM "users" WHERE "users"."id" = 10 LIMIT 1[0m
  [1m[35mUser Load (0.2ms)[0m  SELECT "users".* FROM "users" WHERE "users"."id" = 15 LIMIT 1
  [1m[36mCACHE (0.0ms)[0m  [1mSELECT "users".* FROM "users" WHERE "users"."id" = 6 LIMIT 1[0m
  [1m[35mCACHE (0.0ms)[0m  SELECT "users".* FROM "users" WHERE "users"."id" = 11 LIMIT 1
  [1m[36mCACHE (0.0ms)[0m  [1mSELECT "users".* FROM "users" WHERE "users"."id" = 11 LIMIT 1[0m
  [1m[35mCACHE (0.0ms)[0m  SELECT "users".* FROM "users" WHERE "users"."id" = 8 LIMIT 1
  [1m[36mCACHE (0.0ms)[0m  [1mSELECT "users".* FROM "users" WHERE "users"."id" = 10 LIMIT 1[0m
  Rendered main/dashboard.html.erb within layouts/application (159.5ms)
Completed 200 OK in 275ms (Views: 141.6ms | ActiveRecord: 32.0ms)


Started GET "/" for 127.0.0.1 at 2013-04-24 14:17:37 -0500
Processing by MainController#dashboard as HTML
  [1m[35mUser Load (0.3ms)[0m  SELECT "users".* FROM "users" WHERE "users"."id" = 33 LIMIT 1
  [1m[36mQuality Load (7.1ms)[0m  [1mSELECT "qualities".* FROM "qualities" WHERE (last_disposition_state = 'fail') ORDER BY strftime('%Y',date) DESC, julian_date DESC, lot DESC, time DESC LIMIT 10[0m
  [1m[35mUser Load (0.2ms)[0m  SELECT "users".* FROM "users" WHERE "users"."id" = 30 LIMIT 1
  [1m[36mUser Load (0.2ms)[0m  [1mSELECT "users".* FROM "users" WHERE "users"."id" = 34 LIMIT 1[0m
  [1m[35mCACHE (0.0ms)[0m  SELECT "users".* FROM "users" WHERE "users"."id" = 30 LIMIT 1
  [1m[36mCACHE (0.0ms)[0m  [1mSELECT "users".* FROM "users" WHERE "users"."id" = 34 LIMIT 1[0m
  [1m[35mCACHE (0.0ms)[0m  SELECT "users".* FROM "users" WHERE "users"."id" = 34 LIMIT 1
  [1m[36mUser Load (0.2ms)[0m  [1mSELECT "users".* FROM "users" WHERE "users"."id" = 10 LIMIT 1[0m
  [1m[35mCACHE (0.0ms)[0m  SELECT "users".* FROM "users" WHERE "users"."id" = 10 LIMIT 1
  [1m[36mUser Load (0.1ms)[0m  [1mSELECT "users".* FROM "users" WHERE "users"."id" = 11 LIMIT 1[0m
  [1m[35mUser Load (0.2ms)[0m  SELECT "users".* FROM "users" WHERE "users"."id" = 8 LIMIT 1
  [1m[36mCACHE (0.0ms)[0m  [1mSELECT "users".* FROM "users" WHERE "users"."id" = 10 LIMIT 1[0m
  [1m[35mQuality Load (30.4ms)[0m  SELECT "qualities".* FROM "qualities" WHERE (last_disposition_state = 'pass') ORDER BY strftime('%Y',date) DESC, julian_date DESC, lot DESC, time DESC LIMIT 10
  [1m[36mUser Load (0.2ms)[0m  [1mSELECT "users".* FROM "users" WHERE "users"."id" = 6 LIMIT 1[0m
  [1m[35mCACHE (0.0ms)[0m  SELECT "users".* FROM "users" WHERE "users"."id" = 11 LIMIT 1
  [1m[36mCACHE (0.0ms)[0m  [1mSELECT "users".* FROM "users" WHERE "users"."id" = 8 LIMIT 1[0m
  [1m[35mCACHE (0.0ms)[0m  SELECT "users".* FROM "users" WHERE "users"."id" = 10 LIMIT 1
  [1m[36mUser Load (0.4ms)[0m  [1mSELECT "users".* FROM "users" WHERE "users"."id" = 15 LIMIT 1[0m
  [1m[35mCACHE (0.0ms)[0m  SELECT "users".* FROM "users" WHERE "users"."id" = 6 LIMIT 1
  [1m[36mCACHE (0.0ms)[0m  [1mSELECT "users".* FROM "users" WHERE "users"."id" = 11 LIMIT 1[0m
  [1m[35mCACHE (0.0ms)[0m  SELECT "users".* FROM "users" WHERE "users"."id" = 11 LIMIT 1
  [1m[36mCACHE (0.0ms)[0m  [1mSELECT "users".* FROM "users" WHERE "users"."id" = 8 LIMIT 1[0m
  [1m[35mCACHE (0.0ms)[0m  SELECT "users".* FROM "users" WHERE "users"."id" = 10 LIMIT 1
  Rendered main/dashboard.html.erb within layouts/application (190.2ms)
Completed 200 OK in 253ms (Views: 157.5ms | ActiveRecord: 40.3ms)


Started GET "/dashboard?search%5Bmeta_sort%5D=date.asc" for 127.0.0.1 at 2013-04-24 14:17:46 -0500
Processing by MainController#dashboard as HTML
  Parameters: {"search"=>{"meta_sort"=>"date.asc"}}
  [1m[36mUser Load (0.4ms)[0m  [1mSELECT "users".* FROM "users" WHERE "users"."id" = 33 LIMIT 1[0m
  [1m[35mQuality Load (5.2ms)[0m  SELECT "qualities".* FROM "qualities" WHERE (last_disposition_state = 'fail') ORDER BY strftime('%Y',date) DESC, julian_date DESC, lot DESC, time DESC, "qualities"."date" ASC LIMIT 10
  [1m[36mUser Load (0.2ms)[0m  [1mSELECT "users".* FROM "users" WHERE "users"."id" = 30 LIMIT 1[0m
  [1m[35mUser Load (0.1ms)[0m  SELECT "users".* FROM "users" WHERE "users"."id" = 34 LIMIT 1
  [1m[36mCACHE (0.0ms)[0m  [1mSELECT "users".* FROM "users" WHERE "users"."id" = 30 LIMIT 1[0m
  [1m[35mCACHE (0.0ms)[0m  SELECT "users".* FROM "users" WHERE "users"."id" = 34 LIMIT 1
  [1m[36mCACHE (0.0ms)[0m  [1mSELECT "users".* FROM "users" WHERE "users"."id" = 34 LIMIT 1[0m
  [1m[35mUser Load (0.2ms)[0m  SELECT "users".* FROM "users" WHERE "users"."id" = 10 LIMIT 1
  [1m[36mCACHE (0.0ms)[0m  [1mSELECT "users".* FROM "users" WHERE "users"."id" = 10 LIMIT 1[0m
  [1m[35mUser Load (0.3ms)[0m  SELECT "users".* FROM "users" WHERE "users"."id" = 11 LIMIT 1
  [1m[36mUser Load (0.2ms)[0m  [1mSELECT "users".* FROM "users" WHERE "users"."id" = 8 LIMIT 1[0m
  [1m[35mCACHE (0.0ms)[0m  SELECT "users".* FROM "users" WHERE "users"."id" = 10 LIMIT 1
  [1m[36mQuality Load (44.8ms)[0m  [1mSELECT "qualities".* FROM "qualities" WHERE (last_disposition_state = 'pass') ORDER BY strftime('%Y',date) DESC, julian_date DESC, lot DESC, time DESC, "qualities"."date" ASC LIMIT 10[0m
  [1m[35mUser Load (0.3ms)[0m  SELECT "users".* FROM "users" WHERE "users"."id" = 6 LIMIT 1
  [1m[36mCACHE (0.0ms)[0m  [1mSELECT "users".* FROM "users" WHERE "users"."id" = 11 LIMIT 1[0m
  [1m[35mCACHE (0.0ms)[0m  SELECT "users".* FROM "users" WHERE "users"."id" = 8 LIMIT 1
  [1m[36mCACHE (0.0ms)[0m  [1mSELECT "users".* FROM "users" WHERE "users"."id" = 10 LIMIT 1[0m
  [1m[35mUser Load (0.2ms)[0m  SELECT "users".* FROM "users" WHERE "users"."id" = 15 LIMIT 1
  [1m[36mCACHE (0.0ms)[0m  [1mSELECT "users".* FROM "users" WHERE "users"."id" = 6 LIMIT 1[0m
  [1m[35mCACHE (0.0ms)[0m  SELECT "users".* FROM "users" WHERE "users"."id" = 11 LIMIT 1
  [1m[36mCACHE (0.0ms)[0m  [1mSELECT "users".* FROM "users" WHERE "users"."id" = 11 LIMIT 1[0m
  [1m[35mCACHE (0.0ms)[0m  SELECT "users".* FROM "users" WHERE "users"."id" = 8 LIMIT 1
  [1m[36mCACHE (0.0ms)[0m  [1mSELECT "users".* FROM "users" WHERE "users"."id" = 10 LIMIT 1[0m
  Rendered main/dashboard.html.erb within layouts/application (165.8ms)
Completed 200 OK in 177ms (Views: 120.5ms | ActiveRecord: 51.9ms)


Started GET "/dashboard?search%5Bmeta_sort%5D=date.desc" for 127.0.0.1 at 2013-04-24 14:17:50 -0500
Processing by MainController#dashboard as HTML
  Parameters: {"search"=>{"meta_sort"=>"date.desc"}}
  [1m[35mUser Load (0.8ms)[0m  SELECT "users".* FROM "users" WHERE "users"."id" = 33 LIMIT 1
  [1m[36mQuality Load (4.7ms)[0m  [1mSELECT "qualities".* FROM "qualities" WHERE (last_disposition_state = 'fail') ORDER BY strftime('%Y',date) DESC, julian_date DESC, lot DESC, time DESC, "qualities"."date" DESC LIMIT 10[0m
  [1m[35mUser Load (0.1ms)[0m  SELECT "users".* FROM "users" WHERE "users"."id" = 30 LIMIT 1
  [1m[36mUser Load (0.1ms)[0m  [1mSELECT "users".* FROM "users" WHERE "users"."id" = 34 LIMIT 1[0m
  [1m[35mCACHE (0.0ms)[0m  SELECT "users".* FROM "users" WHERE "users"."id" = 30 LIMIT 1
  [1m[36mCACHE (0.0ms)[0m  [1mSELECT "users".* FROM "users" WHERE "users"."id" = 34 LIMIT 1[0m
  [1m[35mCACHE (0.0ms)[0m  SELECT "users".* FROM "users" WHERE "users"."id" = 34 LIMIT 1
  [1m[36mUser Load (0.1ms)[0m  [1mSELECT "users".* FROM "users" WHERE "users"."id" = 10 LIMIT 1[0m
  [1m[35mCACHE (0.0ms)[0m  SELECT "users".* FROM "users" WHERE "users"."id" = 10 LIMIT 1
  [1m[36mUser Load (0.1ms)[0m  [1mSELECT "users".* FROM "users" WHERE "users"."id" = 11 LIMIT 1[0m
  [1m[35mUser Load (0.1ms)[0m  SELECT "users".* FROM "users" WHERE "users"."id" = 8 LIMIT 1
  [1m[36mCACHE (0.0ms)[0m  [1mSELECT "users".* FROM "users" WHERE "users"."id" = 10 LIMIT 1[0m
  [1m[35mQuality Load (27.2ms)[0m  SELECT "qualities".* FROM "qualities" WHERE (last_disposition_state = 'pass') ORDER BY strftime('%Y',date) DESC, julian_date DESC, lot DESC, time DESC, "qualities"."date" DESC LIMIT 10
  [1m[36mUser Load (0.2ms)[0m  [1mSELECT "users".* FROM "users" WHERE "users"."id" = 6 LIMIT 1[0m
  [1m[35mCACHE (0.0ms)[0m  SELECT "users".* FROM "users" WHERE "users"."id" = 11 LIMIT 1
  [1m[36mCACHE (0.0ms)[0m  [1mSELECT "users".* FROM "users" WHERE "users"."id" = 8 LIMIT 1[0m
  [1m[35mCACHE (0.0ms)[0m  SELECT "users".* FROM "users" WHERE "users"."id" = 10 LIMIT 1
  [1m[36mUser Load (0.3ms)[0m  [1mSELECT "users".* FROM "users" WHERE "users"."id" = 15 LIMIT 1[0m
  [1m[35mCACHE (0.0ms)[0m  SELECT "users".* FROM "users" WHERE "users"."id" = 6 LIMIT 1
  [1m[36mCACHE (0.0ms)[0m  [1mSELECT "users".* FROM "users" WHERE "users"."id" = 11 LIMIT 1[0m
  [1m[35mCACHE (0.0ms)[0m  SELECT "users".* FROM "users" WHERE "users"."id" = 11 LIMIT 1
  [1m[36mCACHE (0.0ms)[0m  [1mSELECT "users".* FROM "users" WHERE "users"."id" = 8 LIMIT 1[0m
  [1m[35mCACHE (0.0ms)[0m  SELECT "users".* FROM "users" WHERE "users"."id" = 10 LIMIT 1
  Rendered main/dashboard.html.erb within layouts/application (124.7ms)
Completed 200 OK in 135ms (Views: 96.2ms | ActiveRecord: 33.9ms)


Started GET "/dashboard" for 127.0.0.1 at 2013-04-24 14:18:02 -0500
Processing by MainController#dashboard as HTML
  [1m[36mUser Load (0.2ms)[0m  [1mSELECT "users".* FROM "users" WHERE "users"."id" = 33 LIMIT 1[0m
  [1m[35mQuality Load (0.5ms)[0m  SELECT "qualities".* FROM "qualities" WHERE (last_disposition_state = 'fail') LIMIT 10
  [1m[36mUser Load (0.2ms)[0m  [1mSELECT "users".* FROM "users" WHERE "users"."id" = 29 LIMIT 1[0m
  [1m[35mCACHE (0.0ms)[0m  SELECT "users".* FROM "users" WHERE "users"."id" = 29 LIMIT 1
  [1m[36mCACHE (0.0ms)[0m  [1mSELECT "users".* FROM "users" WHERE "users"."id" = 29 LIMIT 1[0m
  [1m[35mCACHE (0.0ms)[0m  SELECT "users".* FROM "users" WHERE "users"."id" = 29 LIMIT 1
  [1m[36mCACHE (0.0ms)[0m  [1mSELECT "users".* FROM "users" WHERE "users"."id" = 29 LIMIT 1[0m
  [1m[35mCACHE (0.0ms)[0m  SELECT "users".* FROM "users" WHERE "users"."id" = 29 LIMIT 1
  [1m[36mCACHE (0.0ms)[0m  [1mSELECT "users".* FROM "users" WHERE "users"."id" = 29 LIMIT 1[0m
  [1m[35mCACHE (0.0ms)[0m  SELECT "users".* FROM "users" WHERE "users"."id" = 29 LIMIT 1
  [1m[36mCACHE (0.0ms)[0m  [1mSELECT "users".* FROM "users" WHERE "users"."id" = 29 LIMIT 1[0m
  [1m[35mCACHE (0.0ms)[0m  SELECT "users".* FROM "users" WHERE "users"."id" = 29 LIMIT 1
  [1m[36mQuality Load (25.0ms)[0m  [1mSELECT "qualities".* FROM "qualities" WHERE (last_disposition_state = 'pass') ORDER BY strftime('%Y',date) DESC, julian_date DESC, lot DESC, time DESC LIMIT 10[0m
  [1m[35mUser Load (0.2ms)[0m  SELECT "users".* FROM "users" WHERE "users"."id" = 6 LIMIT 1
  [1m[36mUser Load (0.1ms)[0m  [1mSELECT "users".* FROM "users" WHERE "users"."id" = 11 LIMIT 1[0m
  [1m[35mUser Load (0.1ms)[0m  SELECT "users".* FROM "users" WHERE "users"."id" = 8 LIMIT 1
  [1m[36mUser Load (0.1ms)[0m  [1mSELECT "users".* FROM "users" WHERE "users"."id" = 10 LIMIT 1[0m
  [1m[35mUser Load (0.1ms)[0m  SELECT "users".* FROM "users" WHERE "users"."id" = 15 LIMIT 1
  [1m[36mCACHE (0.0ms)[0m  [1mSELECT "users".* FROM "users" WHERE "users"."id" = 6 LIMIT 1[0m
  [1m[35mCACHE (0.0ms)[0m  SELECT "users".* FROM "users" WHERE "users"."id" = 11 LIMIT 1
  [1m[36mCACHE (0.0ms)[0m  [1mSELECT "users".* FROM "users" WHERE "users"."id" = 11 LIMIT 1[0m
  [1m[35mCACHE (0.0ms)[0m  SELECT "users".* FROM "users" WHERE "users"."id" = 8 LIMIT 1
  [1m[36mCACHE (0.0ms)[0m  [1mSELECT "users".* FROM "users" WHERE "users"."id" = 10 LIMIT 1[0m
  Rendered main/dashboard.html.erb within layouts/application (151.8ms)
Completed 200 OK in 280ms (Views: 130.2ms | ActiveRecord: 27.8ms)


Started GET "/" for 127.0.0.1 at 2013-04-24 14:26:35 -0500
Processing by MainController#dashboard as HTML
  [1m[36mUser Load (0.1ms)[0m  [1mSELECT "users".* FROM "users" WHERE "users"."id" = 33 LIMIT 1[0m
  [1m[35mQuality Load (0.4ms)[0m  SELECT "qualities".* FROM "qualities" WHERE (last_disposition_state = 'fail') LIMIT 10
  [1m[36mUser Load (0.3ms)[0m  [1mSELECT "users".* FROM "users" WHERE "users"."id" = 29 LIMIT 1[0m
  [1m[35mCACHE (0.0ms)[0m  SELECT "users".* FROM "users" WHERE "users"."id" = 29 LIMIT 1
  [1m[36mCACHE (0.0ms)[0m  [1mSELECT "users".* FROM "users" WHERE "users"."id" = 29 LIMIT 1[0m
  [1m[35mCACHE (0.0ms)[0m  SELECT "users".* FROM "users" WHERE "users"."id" = 29 LIMIT 1
  [1m[36mCACHE (0.0ms)[0m  [1mSELECT "users".* FROM "users" WHERE "users"."id" = 29 LIMIT 1[0m
  [1m[35mCACHE (0.0ms)[0m  SELECT "users".* FROM "users" WHERE "users"."id" = 29 LIMIT 1
  [1m[36mCACHE (0.0ms)[0m  [1mSELECT "users".* FROM "users" WHERE "users"."id" = 29 LIMIT 1[0m
  [1m[35mCACHE (0.0ms)[0m  SELECT "users".* FROM "users" WHERE "users"."id" = 29 LIMIT 1
  [1m[36mCACHE (0.0ms)[0m  [1mSELECT "users".* FROM "users" WHERE "users"."id" = 29 LIMIT 1[0m
  [1m[35mCACHE (0.0ms)[0m  SELECT "users".* FROM "users" WHERE "users"."id" = 29 LIMIT 1
  [1m[36mQuality Load (26.3ms)[0m  [1mSELECT "qualities".* FROM "qualities" WHERE (last_disposition_state = 'pass') ORDER BY strftime('%Y',date) DESC, julian_date DESC, lot DESC, time DESC LIMIT 10[0m
  [1m[35mUser Load (0.2ms)[0m  SELECT "users".* FROM "users" WHERE "users"."id" = 6 LIMIT 1
  [1m[36mUser Load (0.1ms)[0m  [1mSELECT "users".* FROM "users" WHERE "users"."id" = 11 LIMIT 1[0m
  [1m[35mUser Load (0.1ms)[0m  SELECT "users".* FROM "users" WHERE "users"."id" = 8 LIMIT 1
  [1m[36mUser Load (0.1ms)[0m  [1mSELECT "users".* FROM "users" WHERE "users"."id" = 10 LIMIT 1[0m
  [1m[35mUser Load (0.2ms)[0m  SELECT "users".* FROM "users" WHERE "users"."id" = 15 LIMIT 1
  [1m[36mCACHE (0.0ms)[0m  [1mSELECT "users".* FROM "users" WHERE "users"."id" = 6 LIMIT 1[0m
  [1m[35mCACHE (0.0ms)[0m  SELECT "users".* FROM "users" WHERE "users"."id" = 11 LIMIT 1
  [1m[36mCACHE (0.0ms)[0m  [1mSELECT "users".* FROM "users" WHERE "users"."id" = 11 LIMIT 1[0m
  [1m[35mCACHE (0.0ms)[0m  SELECT "users".* FROM "users" WHERE "users"."id" = 8 LIMIT 1
  [1m[36mCACHE (0.0ms)[0m  [1mSELECT "users".* FROM "users" WHERE "users"."id" = 10 LIMIT 1[0m
  Rendered main/dashboard.html.erb within layouts/application (199.9ms)
Completed 200 OK in 318ms (Views: 191.2ms | ActiveRecord: 29.5ms)


Started GET "/" for 127.0.0.1 at 2013-04-24 14:26:38 -0500
Processing by MainController#dashboard as HTML
  [1m[35mUser Load (0.2ms)[0m  SELECT "users".* FROM "users" WHERE "users"."id" = 33 LIMIT 1
  [1m[36mQuality Load (0.6ms)[0m  [1mSELECT "qualities".* FROM "qualities" WHERE (last_disposition_state = 'fail') LIMIT 10[0m
  [1m[35mUser Load (0.2ms)[0m  SELECT "users".* FROM "users" WHERE "users"."id" = 29 LIMIT 1
  [1m[36mCACHE (0.0ms)[0m  [1mSELECT "users".* FROM "users" WHERE "users"."id" = 29 LIMIT 1[0m
  [1m[35mCACHE (0.0ms)[0m  SELECT "users".* FROM "users" WHERE "users"."id" = 29 LIMIT 1
  [1m[36mCACHE (0.0ms)[0m  [1mSELECT "users".* FROM "users" WHERE "users"."id" = 29 LIMIT 1[0m
  [1m[35mCACHE (0.0ms)[0m  SELECT "users".* FROM "users" WHERE "users"."id" = 29 LIMIT 1
  [1m[36mCACHE (0.0ms)[0m  [1mSELECT "users".* FROM "users" WHERE "users"."id" = 29 LIMIT 1[0m
  [1m[35mCACHE (0.0ms)[0m  SELECT "users".* FROM "users" WHERE "users"."id" = 29 LIMIT 1
  [1m[36mCACHE (0.0ms)[0m  [1mSELECT "users".* FROM "users" WHERE "users"."id" = 29 LIMIT 1[0m
  [1m[35mCACHE (0.0ms)[0m  SELECT "users".* FROM "users" WHERE "users"."id" = 29 LIMIT 1
  [1m[36mCACHE (0.0ms)[0m  [1mSELECT "users".* FROM "users" WHERE "users"."id" = 29 LIMIT 1[0m
  [1m[35mQuality Load (40.0ms)[0m  SELECT "qualities".* FROM "qualities" WHERE (last_disposition_state = 'pass') ORDER BY strftime('%Y',date) DESC, julian_date DESC, lot DESC, time DESC LIMIT 10
  [1m[36mUser Load (0.2ms)[0m  [1mSELECT "users".* FROM "users" WHERE "users"."id" = 6 LIMIT 1[0m
  [1m[35mUser Load (0.3ms)[0m  SELECT "users".* FROM "users" WHERE "users"."id" = 11 LIMIT 1
  [1m[36mUser Load (0.2ms)[0m  [1mSELECT "users".* FROM "users" WHERE "users"."id" = 8 LIMIT 1[0m
  [1m[35mUser Load (0.2ms)[0m  SELECT "users".* FROM "users" WHERE "users"."id" = 10 LIMIT 1
  [1m[36mUser Load (0.1ms)[0m  [1mSELECT "users".* FROM "users" WHERE "users"."id" = 15 LIMIT 1[0m
  [1m[35mCACHE (0.0ms)[0m  SELECT "users".* FROM "users" WHERE "users"."id" = 6 LIMIT 1
  [1m[36mCACHE (0.0ms)[0m  [1mSELECT "users".* FROM "users" WHERE "users"."id" = 11 LIMIT 1[0m
  [1m[35mCACHE (0.0ms)[0m  SELECT "users".* FROM "users" WHERE "users"."id" = 11 LIMIT 1
  [1m[36mCACHE (0.0ms)[0m  [1mSELECT "users".* FROM "users" WHERE "users"."id" = 8 LIMIT 1[0m
  [1m[35mCACHE (0.0ms)[0m  SELECT "users".* FROM "users" WHERE "users"."id" = 10 LIMIT 1
  Rendered main/dashboard.html.erb within layouts/application (135.0ms)
Completed 200 OK in 150ms (Views: 104.8ms | ActiveRecord: 42.0ms)


Started GET "/" for 127.0.0.1 at 2013-04-24 14:26:39 -0500
Processing by MainController#dashboard as HTML
  [1m[36mUser Load (0.3ms)[0m  [1mSELECT "users".* FROM "users" WHERE "users"."id" = 33 LIMIT 1[0m
  [1m[35mQuality Load (9.2ms)[0m  SELECT "qualities".* FROM "qualities" WHERE (last_disposition_state = 'fail') LIMIT 10
  [1m[36mUser Load (0.3ms)[0m  [1mSELECT "users".* FROM "users" WHERE "users"."id" = 29 LIMIT 1[0m
  [1m[35mCACHE (0.0ms)[0m  SELECT "users".* FROM "users" WHERE "users"."id" = 29 LIMIT 1
  [1m[36mCACHE (0.0ms)[0m  [1mSELECT "users".* FROM "users" WHERE "users"."id" = 29 LIMIT 1[0m
  [1m[35mCACHE (0.0ms)[0m  SELECT "users".* FROM "users" WHERE "users"."id" = 29 LIMIT 1
  [1m[36mCACHE (0.0ms)[0m  [1mSELECT "users".* FROM "users" WHERE "users"."id" = 29 LIMIT 1[0m
  [1m[35mCACHE (0.0ms)[0m  SELECT "users".* FROM "users" WHERE "users"."id" = 29 LIMIT 1
  [1m[36mCACHE (0.0ms)[0m  [1mSELECT "users".* FROM "users" WHERE "users"."id" = 29 LIMIT 1[0m
  [1m[35mCACHE (0.0ms)[0m  SELECT "users".* FROM "users" WHERE "users"."id" = 29 LIMIT 1
  [1m[36mCACHE (0.0ms)[0m  [1mSELECT "users".* FROM "users" WHERE "users"."id" = 29 LIMIT 1[0m
  [1m[35mCACHE (0.0ms)[0m  SELECT "users".* FROM "users" WHERE "users"."id" = 29 LIMIT 1
  [1m[36mQuality Load (24.7ms)[0m  [1mSELECT "qualities".* FROM "qualities" WHERE (last_disposition_state = 'pass') ORDER BY strftime('%Y',date) DESC, julian_date DESC, lot DESC, time DESC LIMIT 10[0m
  [1m[35mUser Load (0.2ms)[0m  SELECT "users".* FROM "users" WHERE "users"."id" = 6 LIMIT 1
  [1m[36mUser Load (0.1ms)[0m  [1mSELECT "users".* FROM "users" WHERE "users"."id" = 11 LIMIT 1[0m
  [1m[35mUser Load (0.1ms)[0m  SELECT "users".* FROM "users" WHERE "users"."id" = 8 LIMIT 1
  [1m[36mUser Load (0.1ms)[0m  [1mSELECT "users".* FROM "users" WHERE "users"."id" = 10 LIMIT 1[0m
  [1m[35mUser Load (0.1ms)[0m  SELECT "users".* FROM "users" WHERE "users"."id" = 15 LIMIT 1
  [1m[36mCACHE (0.0ms)[0m  [1mSELECT "users".* FROM "users" WHERE "users"."id" = 6 LIMIT 1[0m
  [1m[35mCACHE (0.0ms)[0m  SELECT "users".* FROM "users" WHERE "users"."id" = 11 LIMIT 1
  [1m[36mCACHE (0.0ms)[0m  [1mSELECT "users".* FROM "users" WHERE "users"."id" = 11 LIMIT 1[0m
  [1m[35mCACHE (0.0ms)[0m  SELECT "users".* FROM "users" WHERE "users"."id" = 8 LIMIT 1
  [1m[36mCACHE (0.0ms)[0m  [1mSELECT "users".* FROM "users" WHERE "users"."id" = 10 LIMIT 1[0m
  Rendered main/dashboard.html.erb within layouts/application (89.0ms)
Completed 200 OK in 95ms (Views: 57.6ms | ActiveRecord: 35.2ms)


Started GET "/" for 127.0.0.1 at 2013-04-24 14:26:40 -0500
Processing by MainController#dashboard as HTML
  [1m[35mUser Load (0.2ms)[0m  SELECT "users".* FROM "users" WHERE "users"."id" = 33 LIMIT 1
  [1m[36mQuality Load (0.4ms)[0m  [1mSELECT "qualities".* FROM "qualities" WHERE (last_disposition_state = 'fail') LIMIT 10[0m
  [1m[35mUser Load (0.2ms)[0m  SELECT "users".* FROM "users" WHERE "users"."id" = 29 LIMIT 1
  [1m[36mCACHE (0.0ms)[0m  [1mSELECT "users".* FROM "users" WHERE "users"."id" = 29 LIMIT 1[0m
  [1m[35mCACHE (0.0ms)[0m  SELECT "users".* FROM "users" WHERE "users"."id" = 29 LIMIT 1
  [1m[36mCACHE (0.0ms)[0m  [1mSELECT "users".* FROM "users" WHERE "users"."id" = 29 LIMIT 1[0m
  [1m[35mCACHE (0.0ms)[0m  SELECT "users".* FROM "users" WHERE "users"."id" = 29 LIMIT 1
  [1m[36mCACHE (0.0ms)[0m  [1mSELECT "users".* FROM "users" WHERE "users"."id" = 29 LIMIT 1[0m
  [1m[35mCACHE (0.0ms)[0m  SELECT "users".* FROM "users" WHERE "users"."id" = 29 LIMIT 1
  [1m[36mCACHE (0.0ms)[0m  [1mSELECT "users".* FROM "users" WHERE "users"."id" = 29 LIMIT 1[0m
  [1m[35mCACHE (0.0ms)[0m  SELECT "users".* FROM "users" WHERE "users"."id" = 29 LIMIT 1
  [1m[36mCACHE (0.0ms)[0m  [1mSELECT "users".* FROM "users" WHERE "users"."id" = 29 LIMIT 1[0m
  [1m[35mQuality Load (27.7ms)[0m  SELECT "qualities".* FROM "qualities" WHERE (last_disposition_state = 'pass') ORDER BY strftime('%Y',date) DESC, julian_date DESC, lot DESC, time DESC LIMIT 10
  [1m[36mUser Load (0.2ms)[0m  [1mSELECT "users".* FROM "users" WHERE "users"."id" = 6 LIMIT 1[0m
  [1m[35mUser Load (0.2ms)[0m  SELECT "users".* FROM "users" WHERE "users"."id" = 11 LIMIT 1
  [1m[36mUser Load (0.2ms)[0m  [1mSELECT "users".* FROM "users" WHERE "users"."id" = 8 LIMIT 1[0m
  [1m[35mUser Load (0.1ms)[0m  SELECT "users".* FROM "users" WHERE "users"."id" = 10 LIMIT 1
  [1m[36mUser Load (0.2ms)[0m  [1mSELECT "users".* FROM "users" WHERE "users"."id" = 15 LIMIT 1[0m
  [1m[35mCACHE (0.0ms)[0m  SELECT "users".* FROM "users" WHERE "users"."id" = 6 LIMIT 1
  [1m[36mCACHE (0.0ms)[0m  [1mSELECT "users".* FROM "users" WHERE "users"."id" = 11 LIMIT 1[0m
  [1m[35mCACHE (0.0ms)[0m  SELECT "users".* FROM "users" WHERE "users"."id" = 11 LIMIT 1
  [1m[36mCACHE (0.0ms)[0m  [1mSELECT "users".* FROM "users" WHERE "users"."id" = 8 LIMIT 1[0m
  [1m[35mCACHE (0.0ms)[0m  SELECT "users".* FROM "users" WHERE "users"."id" = 10 LIMIT 1
  Rendered main/dashboard.html.erb within layouts/application (131.3ms)
Completed 200 OK in 140ms (Views: 105.5ms | ActiveRecord: 29.4ms)


Started GET "/" for 127.0.0.1 at 2013-04-24 14:26:42 -0500
Processing by MainController#dashboard as HTML
  [1m[36mUser Load (0.2ms)[0m  [1mSELECT "users".* FROM "users" WHERE "users"."id" = 33 LIMIT 1[0m
  [1m[35mQuality Load (0.5ms)[0m  SELECT "qualities".* FROM "qualities" WHERE (last_disposition_state = 'fail') LIMIT 10
  [1m[36mUser Load (0.4ms)[0m  [1mSELECT "users".* FROM "users" WHERE "users"."id" = 29 LIMIT 1[0m
  [1m[35mCACHE (0.0ms)[0m  SELECT "users".* FROM "users" WHERE "users"."id" = 29 LIMIT 1
  [1m[36mCACHE (0.0ms)[0m  [1mSELECT "users".* FROM "users" WHERE "users"."id" = 29 LIMIT 1[0m
  [1m[35mCACHE (0.0ms)[0m  SELECT "users".* FROM "users" WHERE "users"."id" = 29 LIMIT 1
  [1m[36mCACHE (0.0ms)[0m  [1mSELECT "users".* FROM "users" WHERE "users"."id" = 29 LIMIT 1[0m
  [1m[35mCACHE (0.0ms)[0m  SELECT "users".* FROM "users" WHERE "users"."id" = 29 LIMIT 1
  [1m[36mCACHE (0.0ms)[0m  [1mSELECT "users".* FROM "users" WHERE "users"."id" = 29 LIMIT 1[0m
  [1m[35mCACHE (0.0ms)[0m  SELECT "users".* FROM "users" WHERE "users"."id" = 29 LIMIT 1
  [1m[36mCACHE (0.0ms)[0m  [1mSELECT "users".* FROM "users" WHERE "users"."id" = 29 LIMIT 1[0m
  [1m[35mCACHE (0.0ms)[0m  SELECT "users".* FROM "users" WHERE "users"."id" = 29 LIMIT 1
  [1m[36mQuality Load (26.5ms)[0m  [1mSELECT "qualities".* FROM "qualities" WHERE (last_disposition_state = 'pass') ORDER BY strftime('%Y',date) DESC, julian_date DESC, lot DESC, time DESC LIMIT 10[0m
  [1m[35mUser Load (0.2ms)[0m  SELECT "users".* FROM "users" WHERE "users"."id" = 6 LIMIT 1
  [1m[36mUser Load (0.2ms)[0m  [1mSELECT "users".* FROM "users" WHERE "users"."id" = 11 LIMIT 1[0m
  [1m[35mUser Load (0.3ms)[0m  SELECT "users".* FROM "users" WHERE "users"."id" = 8 LIMIT 1
  [1m[36mUser Load (0.2ms)[0m  [1mSELECT "users".* FROM "users" WHERE "users"."id" = 10 LIMIT 1[0m
  [1m[35mUser Load (0.1ms)[0m  SELECT "users".* FROM "users" WHERE "users"."id" = 15 LIMIT 1
  [1m[36mCACHE (0.0ms)[0m  [1mSELECT "users".* FROM "users" WHERE "users"."id" = 6 LIMIT 1[0m
  [1m[35mCACHE (0.0ms)[0m  SELECT "users".* FROM "users" WHERE "users"."id" = 11 LIMIT 1
  [1m[36mCACHE (0.0ms)[0m  [1mSELECT "users".* FROM "users" WHERE "users"."id" = 11 LIMIT 1[0m
  [1m[35mCACHE (0.0ms)[0m  SELECT "users".* FROM "users" WHERE "users"."id" = 8 LIMIT 1
  [1m[36mCACHE (0.0ms)[0m  [1mSELECT "users".* FROM "users" WHERE "users"."id" = 10 LIMIT 1[0m
  Rendered main/dashboard.html.erb within layouts/application (131.4ms)
Completed 200 OK in 144ms (Views: 107.1ms | ActiveRecord: 28.6ms)


Started GET "/" for 127.0.0.1 at 2013-04-24 14:28:41 -0500
Processing by MainController#dashboard as HTML
  [1m[36mUser Load (0.4ms)[0m  [1mSELECT "users".* FROM "users" WHERE "users"."id" = 33 LIMIT 1[0m
  [1m[35mQuality Load (0.2ms)[0m  SELECT "qualities".* FROM "qualities" WHERE (last_disposition_state = 'fail') LIMIT 10
  [1m[36mUser Load (0.2ms)[0m  [1mSELECT "users".* FROM "users" WHERE "users"."id" = 29 LIMIT 1[0m
  [1m[35mCACHE (0.0ms)[0m  SELECT "users".* FROM "users" WHERE "users"."id" = 29 LIMIT 1
  [1m[36mCACHE (0.0ms)[0m  [1mSELECT "users".* FROM "users" WHERE "users"."id" = 29 LIMIT 1[0m
  [1m[35mCACHE (0.0ms)[0m  SELECT "users".* FROM "users" WHERE "users"."id" = 29 LIMIT 1
  [1m[36mCACHE (0.0ms)[0m  [1mSELECT "users".* FROM "users" WHERE "users"."id" = 29 LIMIT 1[0m
  [1m[35mCACHE (0.0ms)[0m  SELECT "users".* FROM "users" WHERE "users"."id" = 29 LIMIT 1
  [1m[36mCACHE (0.0ms)[0m  [1mSELECT "users".* FROM "users" WHERE "users"."id" = 29 LIMIT 1[0m
  [1m[35mCACHE (0.0ms)[0m  SELECT "users".* FROM "users" WHERE "users"."id" = 29 LIMIT 1
  [1m[36mCACHE (0.0ms)[0m  [1mSELECT "users".* FROM "users" WHERE "users"."id" = 29 LIMIT 1[0m
  [1m[35mCACHE (0.0ms)[0m  SELECT "users".* FROM "users" WHERE "users"."id" = 29 LIMIT 1
  [1m[36mQuality Load (29.5ms)[0m  [1mSELECT "qualities".* FROM "qualities" WHERE (last_disposition_state = 'pass') ORDER BY strftime('%Y',date) DESC, julian_date DESC, lot DESC, time DESC LIMIT 10[0m
  [1m[35mUser Load (0.2ms)[0m  SELECT "users".* FROM "users" WHERE "users"."id" = 6 LIMIT 1
  [1m[36mUser Load (0.2ms)[0m  [1mSELECT "users".* FROM "users" WHERE "users"."id" = 11 LIMIT 1[0m
  [1m[35mUser Load (0.2ms)[0m  SELECT "users".* FROM "users" WHERE "users"."id" = 8 LIMIT 1
  [1m[36mUser Load (0.1ms)[0m  [1mSELECT "users".* FROM "users" WHERE "users"."id" = 10 LIMIT 1[0m
  [1m[35mUser Load (0.1ms)[0m  SELECT "users".* FROM "users" WHERE "users"."id" = 15 LIMIT 1
  [1m[36mCACHE (0.0ms)[0m  [1mSELECT "users".* FROM "users" WHERE "users"."id" = 6 LIMIT 1[0m
  [1m[35mCACHE (0.0ms)[0m  SELECT "users".* FROM "users" WHERE "users"."id" = 11 LIMIT 1
  [1m[36mCACHE (0.0ms)[0m  [1mSELECT "users".* FROM "users" WHERE "users"."id" = 11 LIMIT 1[0m
  [1m[35mCACHE (0.0ms)[0m  SELECT "users".* FROM "users" WHERE "users"."id" = 8 LIMIT 1
  [1m[36mCACHE (0.0ms)[0m  [1mSELECT "users".* FROM "users" WHERE "users"."id" = 10 LIMIT 1[0m
  Rendered main/dashboard.html.erb within layouts/application (160.8ms)
Completed 200 OK in 280ms (Views: 147.8ms | ActiveRecord: 32.7ms)


Started GET "/" for 127.0.0.1 at 2013-04-24 14:28:42 -0500
Processing by MainController#dashboard as HTML
  [1m[35mUser Load (0.2ms)[0m  SELECT "users".* FROM "users" WHERE "users"."id" = 33 LIMIT 1
  [1m[36mQuality Load (0.4ms)[0m  [1mSELECT "qualities".* FROM "qualities" WHERE (last_disposition_state = 'fail') LIMIT 10[0m
  [1m[35mUser Load (0.2ms)[0m  SELECT "users".* FROM "users" WHERE "users"."id" = 29 LIMIT 1
  [1m[36mCACHE (0.0ms)[0m  [1mSELECT "users".* FROM "users" WHERE "users"."id" = 29 LIMIT 1[0m
  [1m[35mCACHE (0.0ms)[0m  SELECT "users".* FROM "users" WHERE "users"."id" = 29 LIMIT 1
  [1m[36mCACHE (0.0ms)[0m  [1mSELECT "users".* FROM "users" WHERE "users"."id" = 29 LIMIT 1[0m
  [1m[35mCACHE (0.0ms)[0m  SELECT "users".* FROM "users" WHERE "users"."id" = 29 LIMIT 1
  [1m[36mCACHE (0.0ms)[0m  [1mSELECT "users".* FROM "users" WHERE "users"."id" = 29 LIMIT 1[0m
  [1m[35mCACHE (0.0ms)[0m  SELECT "users".* FROM "users" WHERE "users"."id" = 29 LIMIT 1
  [1m[36mCACHE (0.0ms)[0m  [1mSELECT "users".* FROM "users" WHERE "users"."id" = 29 LIMIT 1[0m
  [1m[35mCACHE (0.0ms)[0m  SELECT "users".* FROM "users" WHERE "users"."id" = 29 LIMIT 1
  [1m[36mCACHE (0.0ms)[0m  [1mSELECT "users".* FROM "users" WHERE "users"."id" = 29 LIMIT 1[0m
  [1m[35mQuality Load (25.0ms)[0m  SELECT "qualities".* FROM "qualities" WHERE (last_disposition_state = 'pass') ORDER BY strftime('%Y',date) DESC, julian_date DESC, lot DESC, time DESC LIMIT 10
  [1m[36mUser Load (0.2ms)[0m  [1mSELECT "users".* FROM "users" WHERE "users"."id" = 6 LIMIT 1[0m
  [1m[35mUser Load (0.2ms)[0m  SELECT "users".* FROM "users" WHERE "users"."id" = 11 LIMIT 1
  [1m[36mUser Load (0.2ms)[0m  [1mSELECT "users".* FROM "users" WHERE "users"."id" = 8 LIMIT 1[0m
  [1m[35mUser Load (0.1ms)[0m  SELECT "users".* FROM "users" WHERE "users"."id" = 10 LIMIT 1
  [1m[36mUser Load (0.1ms)[0m  [1mSELECT "users".* FROM "users" WHERE "users"."id" = 15 LIMIT 1[0m
  [1m[35mCACHE (0.0ms)[0m  SELECT "users".* FROM "users" WHERE "users"."id" = 6 LIMIT 1
  [1m[36mCACHE (0.0ms)[0m  [1mSELECT "users".* FROM "users" WHERE "users"."id" = 11 LIMIT 1[0m
  [1m[35mCACHE (0.0ms)[0m  SELECT "users".* FROM "users" WHERE "users"."id" = 11 LIMIT 1
  [1m[36mCACHE (0.0ms)[0m  [1mSELECT "users".* FROM "users" WHERE "users"."id" = 8 LIMIT 1[0m
  [1m[35mCACHE (0.0ms)[0m  SELECT "users".* FROM "users" WHERE "users"."id" = 10 LIMIT 1
  Rendered main/dashboard.html.erb within layouts/application (163.1ms)
Completed 200 OK in 172ms (Views: 140.0ms | ActiveRecord: 26.7ms)


Started GET "/quality-assurance" for 127.0.0.1 at 2013-04-24 14:42:40 -0500
Processing by QualityController#index as HTML
  [1m[36mUser Load (0.3ms)[0m  [1mSELECT "users".* FROM "users" WHERE "users"."id" = 33 LIMIT 1[0m
  Rendered quality/index.html.erb within layouts/application (83.7ms)
Completed 200 OK in 195ms (Views: 114.9ms | ActiveRecord: 0.7ms)


Started GET "/quality-assurance/new" for 127.0.0.1 at 2013-04-24 14:42:43 -0500
Processing by QualityController#new as HTML
  [1m[35mUser Load (0.2ms)[0m  SELECT "users".* FROM "users" WHERE "users"."id" = 33 LIMIT 1
  [1m[36mProduct Load (0.3ms)[0m  [1mSELECT "products".* FROM "products" [0m
  [1m[35mLabMethod Load (0.1ms)[0m  SELECT "lab_methods".* FROM "lab_methods" 
  Rendered quality/_form.html.erb (94.4ms)
  Rendered quality/new.html.erb within layouts/application (97.5ms)
Completed 200 OK in 158ms (Views: 102.2ms | ActiveRecord: 1.5ms)


Started GET "/quality-assurance/new" for 127.0.0.1 at 2013-04-24 14:46:45 -0500
Processing by QualityController#new as HTML
  [1m[36mUser Load (0.2ms)[0m  [1mSELECT "users".* FROM "users" WHERE "users"."id" = 33 LIMIT 1[0m
  [1m[35mProduct Load (0.1ms)[0m  SELECT "products".* FROM "products" 
  [1m[36mLabMethod Load (0.1ms)[0m  [1mSELECT "lab_methods".* FROM "lab_methods" [0m
  Rendered quality/_form.html.erb (85.6ms)
  Rendered quality/new.html.erb within layouts/application (89.1ms)
Completed 200 OK in 214ms (Views: 105.8ms | ActiveRecord: 1.1ms)


Started GET "/quality-assurance/new" for 127.0.0.1 at 2013-04-24 14:46:48 -0500
Processing by QualityController#new as HTML
  [1m[35mUser Load (0.3ms)[0m  SELECT "users".* FROM "users" WHERE "users"."id" = 33 LIMIT 1
  [1m[36mProduct Load (0.2ms)[0m  [1mSELECT "products".* FROM "products" [0m
  [1m[35mLabMethod Load (0.1ms)[0m  SELECT "lab_methods".* FROM "lab_methods" 
  Rendered quality/_form.html.erb (19.1ms)
  Rendered quality/new.html.erb within layouts/application (19.7ms)
Completed 200 OK in 25ms (Views: 22.9ms | ActiveRecord: 0.5ms)


Started GET "/quality-assurance/new" for 127.0.0.1 at 2013-04-24 14:46:50 -0500
Processing by QualityController#new as HTML
  [1m[36mUser Load (0.2ms)[0m  [1mSELECT "users".* FROM "users" WHERE "users"."id" = 33 LIMIT 1[0m
  [1m[35mProduct Load (0.2ms)[0m  SELECT "products".* FROM "products" 
  [1m[36mLabMethod Load (0.1ms)[0m  [1mSELECT "lab_methods".* FROM "lab_methods" [0m
  Rendered quality/_form.html.erb (67.7ms)
  Rendered quality/new.html.erb within layouts/application (68.5ms)
Completed 200 OK in 82ms (Views: 76.4ms | ActiveRecord: 0.5ms)


Started GET "/quality-assurance/new" for 127.0.0.1 at 2013-04-24 14:46:51 -0500
Processing by QualityController#new as HTML
  [1m[35mUser Load (0.2ms)[0m  SELECT "users".* FROM "users" WHERE "users"."id" = 33 LIMIT 1
  [1m[36mProduct Load (0.4ms)[0m  [1mSELECT "products".* FROM "products" [0m
  [1m[35mLabMethod Load (0.2ms)[0m  SELECT "lab_methods".* FROM "lab_methods" 
  Rendered quality/_form.html.erb (73.7ms)
  Rendered quality/new.html.erb within layouts/application (74.4ms)
Completed 200 OK in 84ms (Views: 81.2ms | ActiveRecord: 0.8ms)


Started GET "/quality-assurance/new" for 127.0.0.1 at 2013-04-24 14:46:53 -0500
Processing by QualityController#new as HTML
  [1m[36mUser Load (0.4ms)[0m  [1mSELECT "users".* FROM "users" WHERE "users"."id" = 33 LIMIT 1[0m
  [1m[35mProduct Load (0.2ms)[0m  SELECT "products".* FROM "products" 
  [1m[36mLabMethod Load (0.1ms)[0m  [1mSELECT "lab_methods".* FROM "lab_methods" [0m
  Rendered quality/_form.html.erb (17.9ms)
  Rendered quality/new.html.erb within layouts/application (18.6ms)
Completed 200 OK in 30ms (Views: 22.3ms | ActiveRecord: 0.7ms)


Started GET "/quality-assurance/new" for 127.0.0.1 at 2013-04-24 14:46:54 -0500
Processing by QualityController#new as HTML
  [1m[35mUser Load (0.2ms)[0m  SELECT "users".* FROM "users" WHERE "users"."id" = 33 LIMIT 1
  [1m[36mProduct Load (0.2ms)[0m  [1mSELECT "products".* FROM "products" [0m
  [1m[35mLabMethod Load (0.1ms)[0m  SELECT "lab_methods".* FROM "lab_methods" 
  Rendered quality/_form.html.erb (55.6ms)
  Rendered quality/new.html.erb within layouts/application (56.2ms)
Completed 200 OK in 63ms (Views: 59.4ms | ActiveRecord: 0.5ms)


Started GET "/quality-assurance/new" for 127.0.0.1 at 2013-04-24 14:46:54 -0500
Processing by QualityController#new as HTML
  [1m[36mUser Load (0.2ms)[0m  [1mSELECT "users".* FROM "users" WHERE "users"."id" = 33 LIMIT 1[0m
  [1m[35mProduct Load (0.1ms)[0m  SELECT "products".* FROM "products" 
  [1m[36mLabMethod Load (0.1ms)[0m  [1mSELECT "lab_methods".* FROM "lab_methods" [0m
  Rendered quality/_form.html.erb (14.5ms)
  Rendered quality/new.html.erb within layouts/application (15.3ms)
Completed 200 OK in 21ms (Views: 18.8ms | ActiveRecord: 0.4ms)


Started GET "/" for 127.0.0.1 at 2013-04-24 14:50:44 -0500
Processing by MainController#dashboard as HTML
  [1m[36mUser Load (0.2ms)[0m  [1mSELECT "users".* FROM "users" WHERE "users"."id" = 33 LIMIT 1[0m
  [1m[35mQuality Load (0.2ms)[0m  SELECT "qualities".* FROM "qualities" WHERE (last_disposition_state = 'fail') LIMIT 10
  [1m[36mUser Load (0.2ms)[0m  [1mSELECT "users".* FROM "users" WHERE "users"."id" = 29 LIMIT 1[0m
  [1m[35mCACHE (0.0ms)[0m  SELECT "users".* FROM "users" WHERE "users"."id" = 29 LIMIT 1
  [1m[36mCACHE (0.0ms)[0m  [1mSELECT "users".* FROM "users" WHERE "users"."id" = 29 LIMIT 1[0m
  [1m[35mCACHE (0.0ms)[0m  SELECT "users".* FROM "users" WHERE "users"."id" = 29 LIMIT 1
  [1m[36mCACHE (0.0ms)[0m  [1mSELECT "users".* FROM "users" WHERE "users"."id" = 29 LIMIT 1[0m
  [1m[35mCACHE (0.0ms)[0m  SELECT "users".* FROM "users" WHERE "users"."id" = 29 LIMIT 1
  [1m[36mCACHE (0.0ms)[0m  [1mSELECT "users".* FROM "users" WHERE "users"."id" = 29 LIMIT 1[0m
  [1m[35mCACHE (0.0ms)[0m  SELECT "users".* FROM "users" WHERE "users"."id" = 29 LIMIT 1
  [1m[36mCACHE (0.0ms)[0m  [1mSELECT "users".* FROM "users" WHERE "users"."id" = 29 LIMIT 1[0m
  [1m[35mCACHE (0.0ms)[0m  SELECT "users".* FROM "users" WHERE "users"."id" = 29 LIMIT 1
  [1m[36mQuality Load (33.2ms)[0m  [1mSELECT "qualities".* FROM "qualities" WHERE (last_disposition_state = 'pass') ORDER BY strftime('%Y',date) DESC, julian_date DESC, lot DESC, time DESC LIMIT 10[0m
  [1m[35mUser Load (0.2ms)[0m  SELECT "users".* FROM "users" WHERE "users"."id" = 6 LIMIT 1
  [1m[36mUser Load (0.2ms)[0m  [1mSELECT "users".* FROM "users" WHERE "users"."id" = 11 LIMIT 1[0m
  [1m[35mUser Load (0.2ms)[0m  SELECT "users".* FROM "users" WHERE "users"."id" = 8 LIMIT 1
  [1m[36mUser Load (0.3ms)[0m  [1mSELECT "users".* FROM "users" WHERE "users"."id" = 10 LIMIT 1[0m
  [1m[35mUser Load (0.2ms)[0m  SELECT "users".* FROM "users" WHERE "users"."id" = 15 LIMIT 1
  [1m[36mCACHE (0.0ms)[0m  [1mSELECT "users".* FROM "users" WHERE "users"."id" = 6 LIMIT 1[0m
  [1m[35mCACHE (0.0ms)[0m  SELECT "users".* FROM "users" WHERE "users"."id" = 11 LIMIT 1
  [1m[36mCACHE (0.0ms)[0m  [1mSELECT "users".* FROM "users" WHERE "users"."id" = 11 LIMIT 1[0m
  [1m[35mCACHE (0.0ms)[0m  SELECT "users".* FROM "users" WHERE "users"."id" = 8 LIMIT 1
  [1m[36mCACHE (0.0ms)[0m  [1mSELECT "users".* FROM "users" WHERE "users"."id" = 10 LIMIT 1[0m
  Rendered main/dashboard.html.erb within layouts/application (180.1ms)
Completed 200 OK in 294ms (Views: 157.7ms | ActiveRecord: 36.3ms)


Started GET "/" for 127.0.0.1 at 2013-04-24 14:50:48 -0500
Processing by MainController#dashboard as HTML
  [1m[35mUser Load (0.2ms)[0m  SELECT "users".* FROM "users" WHERE "users"."id" = 33 LIMIT 1
  [1m[36mQuality Load (0.9ms)[0m  [1mSELECT "qualities".* FROM "qualities" WHERE (last_disposition_state = 'fail') LIMIT 10[0m
  [1m[35mUser Load (0.2ms)[0m  SELECT "users".* FROM "users" WHERE "users"."id" = 29 LIMIT 1
  [1m[36mCACHE (0.0ms)[0m  [1mSELECT "users".* FROM "users" WHERE "users"."id" = 29 LIMIT 1[0m
  [1m[35mCACHE (0.0ms)[0m  SELECT "users".* FROM "users" WHERE "users"."id" = 29 LIMIT 1
  [1m[36mCACHE (0.0ms)[0m  [1mSELECT "users".* FROM "users" WHERE "users"."id" = 29 LIMIT 1[0m
  [1m[35mCACHE (0.0ms)[0m  SELECT "users".* FROM "users" WHERE "users"."id" = 29 LIMIT 1
  [1m[36mCACHE (0.0ms)[0m  [1mSELECT "users".* FROM "users" WHERE "users"."id" = 29 LIMIT 1[0m
  [1m[35mCACHE (0.0ms)[0m  SELECT "users".* FROM "users" WHERE "users"."id" = 29 LIMIT 1
  [1m[36mCACHE (0.0ms)[0m  [1mSELECT "users".* FROM "users" WHERE "users"."id" = 29 LIMIT 1[0m
  [1m[35mCACHE (0.0ms)[0m  SELECT "users".* FROM "users" WHERE "users"."id" = 29 LIMIT 1
  [1m[36mCACHE (0.0ms)[0m  [1mSELECT "users".* FROM "users" WHERE "users"."id" = 29 LIMIT 1[0m
  [1m[35mQuality Load (24.2ms)[0m  SELECT "qualities".* FROM "qualities" WHERE (last_disposition_state = 'pass') ORDER BY strftime('%Y',date) DESC, julian_date DESC, lot DESC, time DESC LIMIT 10
  [1m[36mUser Load (0.2ms)[0m  [1mSELECT "users".* FROM "users" WHERE "users"."id" = 6 LIMIT 1[0m
  [1m[35mUser Load (0.2ms)[0m  SELECT "users".* FROM "users" WHERE "users"."id" = 11 LIMIT 1
  [1m[36mUser Load (0.1ms)[0m  [1mSELECT "users".* FROM "users" WHERE "users"."id" = 8 LIMIT 1[0m
  [1m[35mUser Load (0.1ms)[0m  SELECT "users".* FROM "users" WHERE "users"."id" = 10 LIMIT 1
  [1m[36mUser Load (0.1ms)[0m  [1mSELECT "users".* FROM "users" WHERE "users"."id" = 15 LIMIT 1[0m
  [1m[35mCACHE (0.0ms)[0m  SELECT "users".* FROM "users" WHERE "users"."id" = 6 LIMIT 1
  [1m[36mCACHE (0.0ms)[0m  [1mSELECT "users".* FROM "users" WHERE "users"."id" = 11 LIMIT 1[0m
  [1m[35mCACHE (0.0ms)[0m  SELECT "users".* FROM "users" WHERE "users"."id" = 11 LIMIT 1
  [1m[36mCACHE (0.0ms)[0m  [1mSELECT "users".* FROM "users" WHERE "users"."id" = 8 LIMIT 1[0m
  [1m[35mCACHE (0.0ms)[0m  SELECT "users".* FROM "users" WHERE "users"."id" = 10 LIMIT 1
  Rendered main/dashboard.html.erb within layouts/application (128.1ms)
Completed 200 OK in 138ms (Views: 105.4ms | ActiveRecord: 26.3ms)


Started GET "/" for 127.0.0.1 at 2013-04-24 15:06:22 -0500
Processing by MainController#dashboard as HTML
Completed 401 Unauthorized in 1ms


Started GET "/auth/users/sign_in" for 127.0.0.1 at 2013-04-24 15:06:22 -0500
Processing by Users::SessionsController#new as HTML
  Rendered users/sessions/new.html.erb within layouts/external (3.8ms)
Completed 200 OK in 10ms (Views: 8.3ms | ActiveRecord: 0.0ms)


Started GET "/auth/users/sign_in" for 127.0.0.1 at 2013-04-24 15:06:59 -0500
Processing by Users::SessionsController#new as HTML
  Rendered users/sessions/new.html.erb within layouts/external (7.9ms)
Completed 200 OK in 19ms (Views: 16.7ms | ActiveRecord: 0.0ms)


Started GET "/auth/users/sign_in" for 127.0.0.1 at 2013-04-24 15:07:48 -0500
Processing by Users::SessionsController#new as HTML
  Rendered users/sessions/new.html.erb within layouts/external (140.6ms)
Completed 200 OK in 236ms (Views: 161.2ms | ActiveRecord: 1.1ms)


Started GET "/auth/users/sign_in" for 127.0.0.1 at 2013-04-24 15:07:53 -0500
Processing by Users::SessionsController#new as HTML
  Rendered users/sessions/new.html.erb within layouts/external (2.4ms)
Completed 200 OK in 8ms (Views: 5.9ms | ActiveRecord: 0.0ms)


Started GET "/auth/users/sign_in" for 127.0.0.1 at 2013-04-24 15:08:11 -0500
Processing by Users::SessionsController#new as HTML
  Rendered users/sessions/new.html.erb within layouts/external (2.3ms)
Completed 200 OK in 23ms (Views: 20.1ms | ActiveRecord: 0.0ms)


Started GET "/auth/users/sign_in" for 127.0.0.1 at 2013-04-24 15:08:13 -0500
Processing by Users::SessionsController#new as HTML
  Rendered users/sessions/new.html.erb within layouts/external (3.9ms)
Completed 200 OK in 12ms (Views: 10.4ms | ActiveRecord: 0.0ms)


Started GET "/auth/users/sign_in" for 127.0.0.1 at 2013-04-24 15:08:24 -0500
Processing by Users::SessionsController#new as HTML
  Rendered users/sessions/new.html.erb within layouts/external (12.2ms)
Completed 200 OK in 132ms (Views: 26.9ms | ActiveRecord: 1.1ms)


Started GET "/auth/users/sign_in" for 127.0.0.1 at 2013-04-24 15:08:43 -0500
Processing by Users::SessionsController#new as HTML
  Rendered users/sessions/new.html.erb within layouts/external (8.9ms)
Completed 200 OK in 18ms (Views: 13.3ms | ActiveRecord: 0.0ms)


Started GET "/auth/users/sign_in" for 127.0.0.1 at 2013-04-24 15:08:52 -0500
Processing by Users::SessionsController#new as HTML
  Rendered users/sessions/new.html.erb within layouts/external (62.7ms)
Completed 200 OK in 137ms (Views: 90.4ms | ActiveRecord: 1.1ms)


Started GET "/auth/users/sign_in" for 127.0.0.1 at 2013-04-24 15:11:54 -0500
Processing by Users::SessionsController#new as HTML
  Rendered users/sessions/new.html.erb within layouts/external (8.7ms)
Completed 200 OK in 18ms (Views: 16.3ms | ActiveRecord: 0.0ms)


Started GET "/auth/users/sign_in" for 127.0.0.1 at 2013-04-24 15:19:04 -0500
Processing by Users::SessionsController#new as HTML
  Rendered users/sessions/new.html.erb within layouts/external (12.5ms)
Completed 200 OK in 121ms (Views: 29.0ms | ActiveRecord: 1.6ms)


Started GET "/auth/users/sign_in" for 127.0.0.1 at 2013-04-24 15:19:15 -0500
Processing by Users::SessionsController#new as HTML
  Rendered users/sessions/new.html.erb within layouts/external (2.4ms)
Completed 200 OK in 22ms (Views: 15.6ms | ActiveRecord: 0.0ms)


Started GET "/auth/users/sign_in" for 127.0.0.1 at 2013-04-24 15:19:17 -0500
Processing by Users::SessionsController#new as HTML
  Rendered users/sessions/new.html.erb within layouts/external (2.3ms)
Completed 200 OK in 18ms (Views: 10.2ms | ActiveRecord: 0.0ms)


Started GET "/auth/users/sign_in" for 127.0.0.1 at 2013-04-24 15:19:18 -0500
Processing by Users::SessionsController#new as HTML
  Rendered users/sessions/new.html.erb within layouts/external (9.6ms)
Completed 200 OK in 16ms (Views: 14.9ms | ActiveRecord: 0.0ms)


Started GET "/auth/users/sign_in" for 127.0.0.1 at 2013-04-24 15:21:54 -0500
Processing by Users::SessionsController#new as HTML
  Rendered users/sessions/new.html.erb within layouts/external (9.0ms)
Completed 200 OK in 106ms (Views: 22.9ms | ActiveRecord: 1.2ms)


Started GET "/auth/users/sign_in" for 127.0.0.1 at 2013-04-24 15:21:56 -0500
Processing by Users::SessionsController#new as HTML
  Rendered users/sessions/new.html.erb within layouts/external (5.0ms)
Completed 200 OK in 20ms (Views: 14.6ms | ActiveRecord: 0.0ms)


Started GET "/auth/users/sign_in" for 127.0.0.1 at 2013-04-24 15:23:10 -0500
Processing by Users::SessionsController#new as HTML
  Rendered users/sessions/new.html.erb within layouts/external (4.3ms)
Completed 200 OK in 25ms (Views: 23.2ms | ActiveRecord: 0.0ms)


Started GET "/auth/users/sign_in" for 127.0.0.1 at 2013-04-24 15:23:12 -0500
Processing by Users::SessionsController#new as HTML
  Rendered users/sessions/new.html.erb within layouts/external (2.3ms)
Completed 200 OK in 10ms (Views: 6.7ms | ActiveRecord: 0.0ms)


Started GET "/auth/users/sign_in" for 127.0.0.1 at 2013-04-24 15:23:40 -0500
Processing by Users::SessionsController#new as HTML
  Rendered users/sessions/new.html.erb within layouts/external (12.2ms)
Completed 200 OK in 34ms (Views: 26.8ms | ActiveRecord: 0.0ms)


Started GET "/auth/users/sign_in" for 127.0.0.1 at 2013-04-24 15:24:16 -0500
Processing by Users::SessionsController#new as HTML
  Rendered users/sessions/new.html.erb within layouts/external (56.5ms)
Completed 200 OK in 121ms (Views: 75.0ms | ActiveRecord: 1.0ms)


Started GET "/" for 127.0.0.1 at 2013-04-24 16:04:26 -0500
Processing by MainController#dashboard as HTML
  [1m[36mUser Load (0.3ms)[0m  [1mSELECT "users".* FROM "users" WHERE "users"."id" = 33 LIMIT 1[0m
  [1m[35mQuality Load (0.5ms)[0m  SELECT "qualities".* FROM "qualities" WHERE (last_disposition_state = 'fail') LIMIT 10
  [1m[36mUser Load (0.3ms)[0m  [1mSELECT "users".* FROM "users" WHERE "users"."id" = 29 LIMIT 1[0m
  [1m[35mCACHE (0.0ms)[0m  SELECT "users".* FROM "users" WHERE "users"."id" = 29 LIMIT 1
  [1m[36mCACHE (0.0ms)[0m  [1mSELECT "users".* FROM "users" WHERE "users"."id" = 29 LIMIT 1[0m
  [1m[35mCACHE (0.0ms)[0m  SELECT "users".* FROM "users" WHERE "users"."id" = 29 LIMIT 1
  [1m[36mCACHE (0.0ms)[0m  [1mSELECT "users".* FROM "users" WHERE "users"."id" = 29 LIMIT 1[0m
  [1m[35mCACHE (0.0ms)[0m  SELECT "users".* FROM "users" WHERE "users"."id" = 29 LIMIT 1
  [1m[36mCACHE (0.0ms)[0m  [1mSELECT "users".* FROM "users" WHERE "users"."id" = 29 LIMIT 1[0m
  [1m[35mCACHE (0.0ms)[0m  SELECT "users".* FROM "users" WHERE "users"."id" = 29 LIMIT 1
  [1m[36mCACHE (0.0ms)[0m  [1mSELECT "users".* FROM "users" WHERE "users"."id" = 29 LIMIT 1[0m
  [1m[35mCACHE (0.0ms)[0m  SELECT "users".* FROM "users" WHERE "users"."id" = 29 LIMIT 1
  [1m[36mQuality Load (30.6ms)[0m  [1mSELECT "qualities".* FROM "qualities" WHERE (last_disposition_state = 'pass') ORDER BY strftime('%Y',date) DESC, julian_date DESC, lot DESC, time DESC LIMIT 10[0m
  [1m[35mUser Load (0.2ms)[0m  SELECT "users".* FROM "users" WHERE "users"."id" = 6 LIMIT 1
  [1m[36mUser Load (0.2ms)[0m  [1mSELECT "users".* FROM "users" WHERE "users"."id" = 11 LIMIT 1[0m
  [1m[35mUser Load (0.1ms)[0m  SELECT "users".* FROM "users" WHERE "users"."id" = 8 LIMIT 1
  [1m[36mUser Load (0.1ms)[0m  [1mSELECT "users".* FROM "users" WHERE "users"."id" = 10 LIMIT 1[0m
  [1m[35mUser Load (0.1ms)[0m  SELECT "users".* FROM "users" WHERE "users"."id" = 15 LIMIT 1
  [1m[36mCACHE (0.0ms)[0m  [1mSELECT "users".* FROM "users" WHERE "users"."id" = 6 LIMIT 1[0m
  [1m[35mCACHE (0.0ms)[0m  SELECT "users".* FROM "users" WHERE "users"."id" = 11 LIMIT 1
  [1m[36mCACHE (0.0ms)[0m  [1mSELECT "users".* FROM "users" WHERE "users"."id" = 11 LIMIT 1[0m
  [1m[35mCACHE (0.0ms)[0m  SELECT "users".* FROM "users" WHERE "users"."id" = 8 LIMIT 1
  [1m[36mCACHE (0.0ms)[0m  [1mSELECT "users".* FROM "users" WHERE "users"."id" = 10 LIMIT 1[0m
  Rendered main/dashboard.html.erb within layouts/application (178.6ms)
Completed 200 OK in 297ms (Views: 158.8ms | ActiveRecord: 34.2ms)


Started GET "/quality-assurance" for 127.0.0.1 at 2013-04-24 16:04:30 -0500
Processing by QualityController#index as HTML
  [1m[35mUser Load (0.4ms)[0m  SELECT "users".* FROM "users" WHERE "users"."id" = 33 LIMIT 1
  Rendered quality/index.html.erb within layouts/application (4.4ms)
Completed 200 OK in 14ms (Views: 8.9ms | ActiveRecord: 0.4ms)


Started GET "/quality-assurance/new" for 127.0.0.1 at 2013-04-24 16:04:32 -0500
Processing by QualityController#new as HTML
  [1m[36mUser Load (0.2ms)[0m  [1mSELECT "users".* FROM "users" WHERE "users"."id" = 33 LIMIT 1[0m
  [1m[35mProduct Load (0.1ms)[0m  SELECT "products".* FROM "products" 
  [1m[36mLabMethod Load (0.1ms)[0m  [1mSELECT "lab_methods".* FROM "lab_methods" [0m
  Rendered quality/_form.html.erb (92.1ms)
  Rendered quality/new.html.erb within layouts/application (94.4ms)
Completed 200 OK in 104ms (Views: 100.8ms | ActiveRecord: 0.9ms)


Started POST "/quality-assurance" for 127.0.0.1 at 2013-04-24 16:05:07 -0500
Processing by QualityController#create as HTML
  Parameters: {"utf8"=>"✓", "authenticity_token"=>"/Q7Uve0eKnMdum+2ASm+0rcMu65/L9dtDuGacCkKm+g=", "quality"=>{"user_id"=>"33", "lot"=>"WE23423W", "julian_date"=>"114", "time(1i)"=>"2013", "time(2i)"=>"4", "time(3i)"=>"24", "time(4i)"=>"21", "time(5i)"=>"00", "tank"=>"", "skid"=>"123", "date"=>"123", "date(1i)"=>"2013", "date(2i)"=>"4", "date(3i)"=>"24", "date(4i)"=>"21", "date(5i)"=>"00", "product_id"=>"1", "viscosity"=>"123", "lab_method_id"=>"1", "temperature"=>"25", "solids"=>"25", "moisture"=>"25", "bulk_density"=>"25", "color_l"=>"123", "color_a"=>"123", "color_b"=>"132", "starch_lot"=>"123"}, "button"=>""}
  [1m[35mUser Load (0.5ms)[0m  SELECT "users".* FROM "users" WHERE "users"."id" = 33 LIMIT 1
  [1m[36m (0.1ms)[0m  [1mbegin transaction[0m
  [1m[35mLabMethod Load (1.9ms)[0m  SELECT "lab_methods".* FROM "lab_methods" WHERE "lab_methods"."id" = ? LIMIT 1  [["id", 1]]
  [1m[36mCACHE (0.0ms)[0m  [1mSELECT "lab_methods".* FROM "lab_methods" WHERE "lab_methods"."id" = ? LIMIT 1[0m
  [1m[35mCACHE (0.0ms)[0m  SELECT "lab_methods".* FROM "lab_methods" WHERE "lab_methods"."id" = ? LIMIT 1
  [1m[36mCACHE (0.0ms)[0m  [1mSELECT "lab_methods".* FROM "lab_methods" WHERE "lab_methods"."id" = ? LIMIT 1[0m
  [1m[35mCACHE (0.0ms)[0m  SELECT "lab_methods".* FROM "lab_methods" WHERE "lab_methods"."id" = ? LIMIT 1
  [1m[36mSQL (1.3ms)[0m  [1mINSERT INTO "qualities" ("bulk_density", "coa_printed", "color_a", "color_b", "color_l", "created_at", "date", "facility_origin_id", "julian_date", "lab_method_id", "last_bulk_density_state", "last_bulk_density_value", "last_color_l_state", "last_color_l_value", "last_corrected_viscosity_value", "last_disposition_state", "last_moisture_state", "last_moisture_value", "last_viscosity_state", "last_viscosity_value", "lot", "moisture", "product_id", "skid", "solids", "starch_lot", "tank", "temperature", "time", "updated_at", "user_id", "viscosity") VALUES (?, ?, ?, ?, ?, ?, ?, ?, ?, ?, ?, ?, ?, ?, ?, ?, ?, ?, ?, ?, ?, ?, ?, ?, ?, ?, ?, ?, ?, ?, ?, ?)[0m  [["bulk_density", #<BigDecimal:7ffa9c0c43f8,'0.25E2',9(18)>], ["coa_printed", nil], ["color_a", #<BigDecimal:7ffa9c0c4290,'0.123E3',9(18)>], ["color_b", #<BigDecimal:7ffa9c0c4218,'0.132E3',9(18)>], ["color_l", #<BigDecimal:7ffa9c0c4358,'0.123E3',9(18)>], ["created_at", Wed, 24 Apr 2013 21:05:07 UTC +00:00], ["date", Wed, 24 Apr 2013 21:00:00 UTC +00:00], ["facility_origin_id", 1], ["julian_date", "114"], ["lab_method_id", 1], ["last_bulk_density_state", "fail"], ["last_bulk_density_value", #<BigDecimal:7ffa9c0d0ea0,'0.624E1',18(18)>], ["last_color_l_state", "fail"], ["last_color_l_value", #<BigDecimal:7ffa9c0b93e0,'0.123E3',9(18)>], ["last_corrected_viscosity_value", #<BigDecimal:7ffa9c0c3868,'0.123E3',9(27)>], ["last_disposition_state", "fail"], ["last_moisture_state", "fail"], ["last_moisture_value", #<BigDecimal:7ffa9c0d3ee8,'0.25E2',9(18)>], ["last_viscosity_state", "pass"], ["last_viscosity_value", #<BigDecimal:7ffa9c0d3fb0,'0.123E3',9(18)>], ["lot", "WE23423W"], ["moisture", #<BigDecimal:7ffa9c0c44e8,'0.25E2',9(18)>], ["product_id", 1], ["skid", "123"], ["solids", #<BigDecimal:7ffa9c0c4588,'0.25E2',9(18)>], ["starch_lot", "123"], ["tank", nil], ["temperature", #<BigDecimal:7ffa9c0c49e8,'0.25E2',9(18)>], ["time", Wed, 24 Apr 2013 21:00:00 UTC +00:00], ["updated_at", Wed, 24 Apr 2013 21:05:07 UTC +00:00], ["user_id", 33], ["viscosity", #<BigDecimal:7ffa9c0c4600,'0.123E3',9(18)>]]
  [1m[35m (8.1ms)[0m  commit transaction
Redirected to http://localhost:3000/quality-assurance/4747
Completed 302 Found in 32ms (ActiveRecord: 11.9ms)


Started GET "/quality-assurance/4747" for 127.0.0.1 at 2013-04-24 16:05:07 -0500
Processing by QualityController#show as HTML
  Parameters: {"id"=>"4747"}
  [1m[36mUser Load (0.5ms)[0m  [1mSELECT "users".* FROM "users" WHERE "users"."id" = 33 LIMIT 1[0m
  [1m[35mQuality Load (0.2ms)[0m  SELECT "qualities".* FROM "qualities" WHERE "qualities"."id" = ? LIMIT 1  [["id", "4747"]]
  [1m[36m (0.1ms)[0m  [1mbegin transaction[0m
  [1m[35mSQL (5.1ms)[0m  INSERT INTO "quality_histories" ("action_type", "created_at", "quality_id", "skid", "updated_at", "user_id") VALUES (?, ?, ?, ?, ?, ?)  [["action_type", "view"], ["created_at", Wed, 24 Apr 2013 21:05:07 UTC +00:00], ["quality_id", 4747], ["skid", nil], ["updated_at", Wed, 24 Apr 2013 21:05:07 UTC +00:00], ["user_id", 33]]
  [1m[36m (4.5ms)[0m  [1mcommit transaction[0m
  [1m[35mUser Load (0.2ms)[0m  SELECT "users".* FROM "users" WHERE "users"."id" = 33 LIMIT 1
  [1m[36mProduct Load (0.3ms)[0m  [1mSELECT "products".* FROM "products" WHERE "products"."id" = 1 LIMIT 1[0m
  [1m[35mLabMethod Load (0.2ms)[0m  SELECT "lab_methods".* FROM "lab_methods" WHERE "lab_methods"."id" = 1 LIMIT 1
  Rendered quality/show.html.erb within layouts/application (117.7ms)
Completed 200 OK in 166ms (Views: 128.2ms | ActiveRecord: 11.6ms)


Started GET "/" for 127.0.0.1 at 2013-04-24 16:05:23 -0500
Processing by MainController#dashboard as HTML
  [1m[36mUser Load (0.3ms)[0m  [1mSELECT "users".* FROM "users" WHERE "users"."id" = 33 LIMIT 1[0m
  [1m[35mQuality Load (1.0ms)[0m  SELECT "qualities".* FROM "qualities" WHERE (last_disposition_state = 'fail') LIMIT 10
  [1m[36mUser Load (0.2ms)[0m  [1mSELECT "users".* FROM "users" WHERE "users"."id" = 29 LIMIT 1[0m
  [1m[35mCACHE (0.0ms)[0m  SELECT "users".* FROM "users" WHERE "users"."id" = 29 LIMIT 1
  [1m[36mCACHE (0.0ms)[0m  [1mSELECT "users".* FROM "users" WHERE "users"."id" = 29 LIMIT 1[0m
  [1m[35mCACHE (0.0ms)[0m  SELECT "users".* FROM "users" WHERE "users"."id" = 29 LIMIT 1
  [1m[36mCACHE (0.0ms)[0m  [1mSELECT "users".* FROM "users" WHERE "users"."id" = 29 LIMIT 1[0m
  [1m[35mCACHE (0.0ms)[0m  SELECT "users".* FROM "users" WHERE "users"."id" = 29 LIMIT 1
  [1m[36mCACHE (0.0ms)[0m  [1mSELECT "users".* FROM "users" WHERE "users"."id" = 29 LIMIT 1[0m
  [1m[35mCACHE (0.0ms)[0m  SELECT "users".* FROM "users" WHERE "users"."id" = 29 LIMIT 1
  [1m[36mCACHE (0.0ms)[0m  [1mSELECT "users".* FROM "users" WHERE "users"."id" = 29 LIMIT 1[0m
  [1m[35mCACHE (0.0ms)[0m  SELECT "users".* FROM "users" WHERE "users"."id" = 29 LIMIT 1
  [1m[36mQuality Load (25.5ms)[0m  [1mSELECT "qualities".* FROM "qualities" WHERE (last_disposition_state = 'pass') ORDER BY strftime('%Y',date) DESC, julian_date DESC, lot DESC, time DESC LIMIT 10[0m
  [1m[35mUser Load (0.2ms)[0m  SELECT "users".* FROM "users" WHERE "users"."id" = 6 LIMIT 1
  [1m[36mUser Load (0.2ms)[0m  [1mSELECT "users".* FROM "users" WHERE "users"."id" = 11 LIMIT 1[0m
  [1m[35mUser Load (0.1ms)[0m  SELECT "users".* FROM "users" WHERE "users"."id" = 8 LIMIT 1
  [1m[36mUser Load (0.1ms)[0m  [1mSELECT "users".* FROM "users" WHERE "users"."id" = 10 LIMIT 1[0m
  [1m[35mUser Load (0.2ms)[0m  SELECT "users".* FROM "users" WHERE "users"."id" = 15 LIMIT 1
  [1m[36mCACHE (0.0ms)[0m  [1mSELECT "users".* FROM "users" WHERE "users"."id" = 6 LIMIT 1[0m
  [1m[35mCACHE (0.0ms)[0m  SELECT "users".* FROM "users" WHERE "users"."id" = 11 LIMIT 1
  [1m[36mCACHE (0.0ms)[0m  [1mSELECT "users".* FROM "users" WHERE "users"."id" = 11 LIMIT 1[0m
  [1m[35mCACHE (0.0ms)[0m  SELECT "users".* FROM "users" WHERE "users"."id" = 8 LIMIT 1
  [1m[36mCACHE (0.0ms)[0m  [1mSELECT "users".* FROM "users" WHERE "users"."id" = 10 LIMIT 1[0m
  Rendered main/dashboard.html.erb within layouts/application (86.1ms)
Completed 200 OK in 93ms (Views: 62.7ms | ActiveRecord: 27.8ms)


Started GET "/search?utf8=%E2%9C%93&term=&commit=Search&sort%5Border%5D=" for 127.0.0.1 at 2013-04-24 16:05:29 -0500
Processing by MainController#search as HTML
  Parameters: {"utf8"=>"✓", "term"=>"", "commit"=>"Search", "sort"=>{"order"=>""}}
  [1m[35mUser Load (0.2ms)[0m  SELECT "users".* FROM "users" WHERE "users"."id" = 33 LIMIT 1
Completed 500 Internal Server Error in 63ms

ActionView::MissingTemplate (Missing template main/search, application/search with {:locale=>[:en], :formats=>[:html], :handlers=>[:erb, :builder, :coffee]}. Searched in:
  * "/home/jhb/Desktop/projects/rails_projects/ecosynthetix/new/app/views"
  * "/usr/local/rvm/gems/ruby-2.0.0-p0/gems/kaminari-0.14.1/app/views"
  * "/usr/local/rvm/gems/ruby-2.0.0-p0/gems/devise-2.1.2/app/views"
):
  app/controllers/main_controller.rb:106:in `search'
  config/initializers/quiet_assets.rb:6:in `call_with_quiet_assets'


  Rendered /usr/local/rvm/gems/ruby-2.0.0-p0/gems/actionpack-3.2.1/lib/action_dispatch/middleware/templates/rescues/missing_template.erb within rescues/layout (0.4ms)


Started POST "/dashboard.xlsx?passed=false" for 127.0.0.1 at 2013-04-24 16:05:42 -0500
Processing by MainController#dashboard as XLSX
  Parameters: {"authenticity_token"=>"/Q7Uve0eKnMdum+2ASm+0rcMu65/L9dtDuGacCkKm+g=", "passed"=>"false"}
  [1m[36mUser Load (0.2ms)[0m  [1mSELECT "users".* FROM "users" WHERE "users"."id" = 33 LIMIT 1[0m
  [1m[35mQuality Load (4.9ms)[0m  SELECT "qualities".* FROM "qualities" WHERE (last_disposition_state = 'fail') ORDER BY strftime('%Y',date) DESC, julian_date DESC, lot DESC, time DESC LIMIT 10
  Rendered text template (0.0ms)
Sent data failed.xlsx (7.0ms)
Completed 200 OK in 49ms (Views: 6.8ms | ActiveRecord: 5.1ms)
